[OUTPUT] 2025-10-06T00:55:07.476760 Running DLIO [Training & Evaluation] with 2 process(es)
[WARNING] The amount of dataset is smaller than the host memory; data might be cached after the first epoch. Increase the size of dataset to eliminate the caching effect!!!
[OUTPUT] 2025-10-06T00:55:08.367356 Max steps per epoch: 512 = 1024 * 1 / 1 / 2 (samples per file * num files / batch size / comm size)
[OUTPUT] 2025-10-06T00:55:08.367665 Steps per eval: 512 = 1024 * 1 / 1 / 2 (samples per file * num files / batch size eval / comm size)
[OUTPUT] 2025-10-06T00:55:08.838764 Starting epoch 1: 512 steps expected
[OUTPUT] 2025-10-06T00:55:08.839259 Starting block 1
[OUTPUT] 2025-10-06T01:02:17.878339 Ending block 1 - 512 steps completed in 429.04 s
[OUTPUT] 2025-10-06T01:02:17.911430 Epoch 1 - Block 1 [Training] Accelerator Utilization [AU] (%): 7.7076
[OUTPUT] 2025-10-06T01:02:17.911522 Epoch 1 - Block 1 [Training] Throughput (samples/second): 2.3883
[OUTPUT] 2025-10-06T01:02:17.911567 Epoch 1 - Block 1 [Training] Computation time per step (second): 0.0644+/-0.0000 (set value: {'mean': 0.064296})
[OUTPUT] 2025-10-06T01:02:17.943776 Ending epoch 1 - 512 steps completed in 429.11 s
[OUTPUT] 2025-10-06T01:02:17.944691 Starting eval - 512 steps expected
[OUTPUT] 2025-10-06T01:10:22.403416 Ending eval - 512 steps completed in 484.46 s
[OUTPUT] 2025-10-06T01:10:22.405933 Epoch 1 [Eval] Accelerator Utilization [AU] (%): 0.0016
[OUTPUT] 2025-10-06T01:10:22.406014 Epoch 1 [Eval] Throughput (samples/second): 2.1137
[OUTPUT] 2025-10-06T01:10:22.410279 Starting epoch 2: 512 steps expected
[OUTPUT] 2025-10-06T01:10:22.410611 Starting block 1
[OUTPUT] 2025-10-06T01:17:26.773781 Ending block 1 - 512 steps completed in 424.36 s
[OUTPUT] 2025-10-06T01:17:26.775374 Epoch 2 - Block 1 [Training] Accelerator Utilization [AU] (%): 7.7893
[OUTPUT] 2025-10-06T01:17:26.775435 Epoch 2 - Block 1 [Training] Throughput (samples/second): 2.4140
[OUTPUT] 2025-10-06T01:17:26.775470 Epoch 2 - Block 1 [Training] Computation time per step (second): 0.0644+/-0.0000 (set value: {'mean': 0.064296})
[OUTPUT] 2025-10-06T01:17:26.955389 Ending epoch 2 - 512 steps completed in 424.55 s
[OUTPUT] 2025-10-06T01:17:26.956205 Starting eval - 512 steps expected
[OUTPUT] 2025-10-06T01:25:04.765047 Ending eval - 512 steps completed in 457.81 s
[OUTPUT] 2025-10-06T01:25:04.767176 Epoch 2 [Eval] Accelerator Utilization [AU] (%): 0.0017
[OUTPUT] 2025-10-06T01:25:04.767255 Epoch 2 [Eval] Throughput (samples/second): 2.2367
[OUTPUT] 2025-10-06T01:25:04.831355 Saved outputs in /scratch/mhm/pablo.hugen2/perf_2025/dlio_data/hydra_log/dlrm_custom/2025-10-06-00-54-59
[OUTPUT] Averaged metric over all steps/epochs
[METRIC] ==========================================================
[METRIC] Number of Simulated Accelerators: 2 
[METRIC] Training Accelerator Utilization [AU] (%): 7.7461 (0.0373)
[METRIC] Training Throughput (samples/second): 2.4000 (0.0117)
[METRIC] Training I/O Throughput (MB/second): 1536.0094 (7.5063)
[METRIC] train_au_meet_expectation: fail
[METRIC] Eval Accelerator Utilization [AU] (%): 0.0008 (0.0001)
[METRIC] Eval Throughput (samples/second): 1.091341 (0.030993)
[METRIC] Eval Throughput (MB/second): 698.458068 (19.835403)
[METRIC] eval_au_meet_expectation: fail
[METRIC] ==========================================================

[OUTPUT] 2025-10-06T01:25:04.854832 outputs saved in RANKID_output.json
