[OUTPUT] 2025-10-07T11:17:01.775296 Running DLIO [Training & Evaluation] with 2 process(es)
[WARNING] The amount of dataset is smaller than the host memory; data might be cached after the first epoch. Increase the size of dataset to eliminate the caching effect!!!
[OUTPUT] 2025-10-07T11:17:01.783995 Max steps per epoch: 8 = 1 * 64 / 4 / 2 (samples per file * num files / batch size / comm size)
[OUTPUT] 2025-10-07T11:17:01.784088 Steps per eval: 4 = 1 * 8 / 1 / 2 (samples per file * num files / batch size eval / comm size)
[OUTPUT] 2025-10-07T11:17:01.786574 Starting epoch 1: 8 steps expected
[OUTPUT] 2025-10-07T11:17:01.786865 Starting block 1
[OUTPUT] 2025-10-07T11:17:09.928001 Ending block 1 - 8 steps completed in 8.14 s
[OUTPUT] 2025-10-07T11:17:09.931942 Epoch 1 - Block 1 [Training] Accelerator Utilization [AU] (%): 99.9402
[OUTPUT] 2025-10-07T11:17:09.932018 Epoch 1 - Block 1 [Training] Throughput (samples/second): 6.8459
[OUTPUT] 2025-10-07T11:17:09.932066 Epoch 1 - Block 1 [Training] Computation time per step (second): 1.0010+/-0.0001 (set value: {'mean': 1.0})
[OUTPUT] 2025-10-07T11:17:09.932487 Ending epoch 1 - 8 steps completed in 8.15 s
[OUTPUT] 2025-10-07T11:17:09.933214 Starting eval - 4 steps expected
[OUTPUT] 2025-10-07T11:17:12.036633 Ending eval - 4 steps completed in 2.10 s
[OUTPUT] 2025-10-07T11:17:12.038698 Epoch 1 [Eval] Accelerator Utilization [AU] (%): 99.8775
[OUTPUT] 2025-10-07T11:17:12.038771 Epoch 1 [Eval] Throughput (samples/second): 3.8035
[OUTPUT] 2025-10-07T11:17:12.096570 Starting epoch 2: 8 steps expected
[OUTPUT] 2025-10-07T11:17:12.096832 Starting block 1
[OUTPUT] 2025-10-07T11:17:20.117496 Ending block 1 - 8 steps completed in 8.02 s
[OUTPUT] 2025-10-07T11:17:20.118325 Epoch 2 - Block 1 [Training] Accelerator Utilization [AU] (%): 99.9311
[OUTPUT] 2025-10-07T11:17:20.118389 Epoch 2 - Block 1 [Training] Throughput (samples/second): 6.8454
[OUTPUT] 2025-10-07T11:17:20.118437 Epoch 2 - Block 1 [Training] Computation time per step (second): 1.0010+/-0.0000 (set value: {'mean': 1.0})
[OUTPUT] 2025-10-07T11:17:20.118750 Ending epoch 2 - 8 steps completed in 8.02 s
[OUTPUT] 2025-10-07T11:17:20.119423 Starting eval - 4 steps expected
[OUTPUT] 2025-10-07T11:17:22.126507 Ending eval - 4 steps completed in 2.01 s
[OUTPUT] 2025-10-07T11:17:22.127269 Epoch 2 [Eval] Accelerator Utilization [AU] (%): 99.8758
[OUTPUT] 2025-10-07T11:17:22.127325 Epoch 2 [Eval] Throughput (samples/second): 3.9860
[OUTPUT] 2025-10-07T11:17:22.127661 Starting epoch 3: 8 steps expected
[OUTPUT] 2025-10-07T11:17:22.127841 Starting block 1
[OUTPUT] 2025-10-07T11:17:30.144026 Ending block 1 - 8 steps completed in 8.02 s
[OUTPUT] 2025-10-07T11:17:30.144841 Epoch 3 - Block 1 [Training] Accelerator Utilization [AU] (%): 99.9431
[OUTPUT] 2025-10-07T11:17:30.144906 Epoch 3 - Block 1 [Training] Throughput (samples/second): 6.8463
[OUTPUT] 2025-10-07T11:17:30.144952 Epoch 3 - Block 1 [Training] Computation time per step (second): 1.0010+/-0.0000 (set value: {'mean': 1.0})
[OUTPUT] 2025-10-07T11:17:30.145170 Ending epoch 3 - 8 steps completed in 8.02 s
[OUTPUT] 2025-10-07T11:17:30.145857 Starting eval - 4 steps expected
[OUTPUT] 2025-10-07T11:17:32.152313 Ending eval - 4 steps completed in 2.01 s
[OUTPUT] 2025-10-07T11:17:32.153112 Epoch 3 [Eval] Accelerator Utilization [AU] (%): 99.8936
[OUTPUT] 2025-10-07T11:17:32.153177 Epoch 3 [Eval] Throughput (samples/second): 3.9872
[OUTPUT] 2025-10-07T11:17:32.153506 Starting epoch 4: 8 steps expected
[OUTPUT] 2025-10-07T11:17:32.153694 Starting block 1
[OUTPUT] 2025-10-07T11:17:40.169806 Ending block 1 - 8 steps completed in 8.02 s
[OUTPUT] 2025-10-07T11:17:40.170580 Epoch 4 - Block 1 [Training] Accelerator Utilization [AU] (%): 99.9452
[OUTPUT] 2025-10-07T11:17:40.170643 Epoch 4 - Block 1 [Training] Throughput (samples/second): 6.8464
[OUTPUT] 2025-10-07T11:17:40.170691 Epoch 4 - Block 1 [Training] Computation time per step (second): 1.0010+/-0.0000 (set value: {'mean': 1.0})
[OUTPUT] 2025-10-07T11:17:40.170903 Ending epoch 4 - 8 steps completed in 8.02 s
[OUTPUT] 2025-10-07T11:17:40.171602 Starting eval - 4 steps expected
[OUTPUT] 2025-10-07T11:17:42.178015 Ending eval - 4 steps completed in 2.01 s
[OUTPUT] 2025-10-07T11:17:42.178778 Epoch 4 [Eval] Accelerator Utilization [AU] (%): 99.8947
[OUTPUT] 2025-10-07T11:17:42.178840 Epoch 4 [Eval] Throughput (samples/second): 3.9873
[OUTPUT] 2025-10-07T11:17:42.179170 Starting epoch 5: 8 steps expected
[OUTPUT] 2025-10-07T11:17:42.179349 Starting block 1
[OUTPUT] 2025-10-07T11:17:50.195394 Ending block 1 - 8 steps completed in 8.02 s
[OUTPUT] 2025-10-07T11:17:50.196172 Epoch 5 - Block 1 [Training] Accelerator Utilization [AU] (%): 99.9443
[OUTPUT] 2025-10-07T11:17:50.196235 Epoch 5 - Block 1 [Training] Throughput (samples/second): 6.8464
[OUTPUT] 2025-10-07T11:17:50.196281 Epoch 5 - Block 1 [Training] Computation time per step (second): 1.0010+/-0.0000 (set value: {'mean': 1.0})
[OUTPUT] 2025-10-07T11:17:50.196489 Ending epoch 5 - 8 steps completed in 8.02 s
[OUTPUT] 2025-10-07T11:17:50.197174 Starting eval - 4 steps expected
[OUTPUT] 2025-10-07T11:17:52.203970 Ending eval - 4 steps completed in 2.01 s
[OUTPUT] 2025-10-07T11:17:52.204749 Epoch 5 [Eval] Accelerator Utilization [AU] (%): 99.8954
[OUTPUT] 2025-10-07T11:17:52.204804 Epoch 5 [Eval] Throughput (samples/second): 3.9865
[OUTPUT] 2025-10-07T11:17:52.205137 Starting epoch 6: 8 steps expected
[OUTPUT] 2025-10-07T11:17:52.205314 Starting block 1
[OUTPUT] 2025-10-07T11:18:00.221465 Ending block 1 - 8 steps completed in 8.02 s
[OUTPUT] 2025-10-07T11:18:00.222424 Epoch 6 - Block 1 [Training] Accelerator Utilization [AU] (%): 99.9420
[OUTPUT] 2025-10-07T11:18:00.222482 Epoch 6 - Block 1 [Training] Throughput (samples/second): 6.8462
[OUTPUT] 2025-10-07T11:18:00.222526 Epoch 6 - Block 1 [Training] Computation time per step (second): 1.0010+/-0.0000 (set value: {'mean': 1.0})
[OUTPUT] 2025-10-07T11:18:00.222757 Ending epoch 6 - 8 steps completed in 8.02 s
[OUTPUT] 2025-10-07T11:18:00.223446 Starting eval - 4 steps expected
[OUTPUT] 2025-10-07T11:18:02.230370 Ending eval - 4 steps completed in 2.01 s
[OUTPUT] 2025-10-07T11:18:02.231115 Epoch 6 [Eval] Accelerator Utilization [AU] (%): 99.8950
[OUTPUT] 2025-10-07T11:18:02.231169 Epoch 6 [Eval] Throughput (samples/second): 3.9863
[OUTPUT] 2025-10-07T11:18:02.231527 Starting epoch 7: 8 steps expected
[OUTPUT] 2025-10-07T11:18:02.231715 Starting block 1
[OUTPUT] 2025-10-07T11:18:10.247888 Ending block 1 - 8 steps completed in 8.02 s
[OUTPUT] 2025-10-07T11:18:10.248689 Epoch 7 - Block 1 [Training] Accelerator Utilization [AU] (%): 99.9445
[OUTPUT] 2025-10-07T11:18:10.248750 Epoch 7 - Block 1 [Training] Throughput (samples/second): 6.8464
[OUTPUT] 2025-10-07T11:18:10.248798 Epoch 7 - Block 1 [Training] Computation time per step (second): 1.0010+/-0.0000 (set value: {'mean': 1.0})
[OUTPUT] 2025-10-07T11:18:10.249008 Ending epoch 7 - 8 steps completed in 8.02 s
[OUTPUT] 2025-10-07T11:18:10.249694 Starting eval - 4 steps expected
[OUTPUT] 2025-10-07T11:18:12.256090 Ending eval - 4 steps completed in 2.01 s
[OUTPUT] 2025-10-07T11:18:12.256862 Epoch 7 [Eval] Accelerator Utilization [AU] (%): 99.8956
[OUTPUT] 2025-10-07T11:18:12.256921 Epoch 7 [Eval] Throughput (samples/second): 3.9873
[OUTPUT] 2025-10-07T11:18:12.257249 Starting epoch 8: 8 steps expected
[OUTPUT] 2025-10-07T11:18:12.257429 Starting block 1
[OUTPUT] 2025-10-07T11:18:20.273724 Ending block 1 - 8 steps completed in 8.02 s
[OUTPUT] 2025-10-07T11:18:20.274505 Epoch 8 - Block 1 [Training] Accelerator Utilization [AU] (%): 99.9415
[OUTPUT] 2025-10-07T11:18:20.274583 Epoch 8 - Block 1 [Training] Throughput (samples/second): 6.8462
[OUTPUT] 2025-10-07T11:18:20.274630 Epoch 8 - Block 1 [Training] Computation time per step (second): 1.0010+/-0.0000 (set value: {'mean': 1.0})
[OUTPUT] 2025-10-07T11:18:20.274834 Ending epoch 8 - 8 steps completed in 8.02 s
[OUTPUT] 2025-10-07T11:18:20.275527 Starting eval - 4 steps expected
[OUTPUT] 2025-10-07T11:18:22.281904 Ending eval - 4 steps completed in 2.01 s
[OUTPUT] 2025-10-07T11:18:22.282674 Epoch 8 [Eval] Accelerator Utilization [AU] (%): 99.8952
[OUTPUT] 2025-10-07T11:18:22.282736 Epoch 8 [Eval] Throughput (samples/second): 3.9874
[OUTPUT] 2025-10-07T11:18:22.283065 Starting epoch 9: 8 steps expected
[OUTPUT] 2025-10-07T11:18:22.283245 Starting block 1
[OUTPUT] 2025-10-07T11:18:30.299175 Ending block 1 - 8 steps completed in 8.02 s
[OUTPUT] 2025-10-07T11:18:30.299977 Epoch 9 - Block 1 [Training] Accelerator Utilization [AU] (%): 99.9445
[OUTPUT] 2025-10-07T11:18:30.300034 Epoch 9 - Block 1 [Training] Throughput (samples/second): 6.8464
[OUTPUT] 2025-10-07T11:18:30.300081 Epoch 9 - Block 1 [Training] Computation time per step (second): 1.0010+/-0.0000 (set value: {'mean': 1.0})
[OUTPUT] 2025-10-07T11:18:30.300282 Ending epoch 9 - 8 steps completed in 8.02 s
[OUTPUT] 2025-10-07T11:18:30.300970 Starting eval - 4 steps expected
[OUTPUT] 2025-10-07T11:18:32.307701 Ending eval - 4 steps completed in 2.01 s
[OUTPUT] 2025-10-07T11:18:32.308465 Epoch 9 [Eval] Accelerator Utilization [AU] (%): 99.8752
[OUTPUT] 2025-10-07T11:18:32.308525 Epoch 9 [Eval] Throughput (samples/second): 3.9867
[OUTPUT] 2025-10-07T11:18:32.308839 Starting epoch 10: 8 steps expected
[OUTPUT] 2025-10-07T11:18:32.309022 Starting block 1
[OUTPUT] 2025-10-07T11:18:40.324958 Ending block 1 - 8 steps completed in 8.02 s
[OUTPUT] 2025-10-07T11:18:40.325747 Epoch 10 - Block 1 [Training] Accelerator Utilization [AU] (%): 99.9448
[OUTPUT] 2025-10-07T11:18:40.325805 Epoch 10 - Block 1 [Training] Throughput (samples/second): 6.8464
[OUTPUT] 2025-10-07T11:18:40.325847 Epoch 10 - Block 1 [Training] Computation time per step (second): 1.0010+/-0.0000 (set value: {'mean': 1.0})
[OUTPUT] 2025-10-07T11:18:40.326045 Ending epoch 10 - 8 steps completed in 8.02 s
[OUTPUT] 2025-10-07T11:18:40.326742 Starting eval - 4 steps expected
[OUTPUT] 2025-10-07T11:18:42.333207 Ending eval - 4 steps completed in 2.01 s
[OUTPUT] 2025-10-07T11:18:42.333983 Epoch 10 [Eval] Accelerator Utilization [AU] (%): 99.8929
[OUTPUT] 2025-10-07T11:18:42.334046 Epoch 10 [Eval] Throughput (samples/second): 3.9872
[OUTPUT] 2025-10-07T11:18:42.334971 Saved outputs in /scratch/mhm/pablo.hugen2/perf_2025/dlio_data/hydra_log/default_custom/2025-10-07-11-16-59
[OUTPUT] Averaged metric over all steps/epochs
[METRIC] ==========================================================
[METRIC] Number of Simulated Accelerators: 2 
[METRIC] Training Accelerator Utilization [AU] (%): 99.9397 (0.0061)
[METRIC] Training Throughput (samples/second): 6.8461 (0.0004)
[METRIC] Training I/O Throughput (MB/second): 0.0267 (0.0000)
[METRIC] train_au_meet_expectation: success
[METRIC] Eval Accelerator Utilization [AU] (%): 49.9472 (0.0045)
[METRIC] Eval Throughput (samples/second): 1.981813 (0.036066)
[METRIC] Eval Throughput (MB/second): 0.007741 (0.000141)
[METRIC] eval_au_meet_expectation: fail
[METRIC] ==========================================================

[OUTPUT] 2025-10-07T11:18:42.340611 outputs saved in RANKID_output.json
