[OUTPUT] 2025-11-30T18:44:26.404431 Running DLIO [Training & Evaluation & Checkpointing] with 4 process(es)
[OUTPUT] 2025-11-30T18:44:26.416286 Model size: 0.000010 GB 
[OUTPUT] 2025-11-30T18:44:26.416419 Total checkpoint size: 0.000010 GB 
[OUTPUT] 2025-11-30T18:44:26.416500 Max steps per epoch: 6 = 1 * 168 / 7 / 4 (samples per file * num files / batch size / comm size)
[OUTPUT] 2025-11-30T18:44:26.416565 Steps per eval: 0 = 1 * 0 / 1 / 4 (samples per file * num files / batch size eval / comm size)
[OUTPUT] 2025-11-30T18:44:26.419838 Starting epoch 1: 6 steps expected
[OUTPUT] 2025-11-30T18:44:26.420045 Starting block 1
[OUTPUT] 2025-11-30T18:44:34.036152 Ending block 1 - 6 steps completed in 7.62 s
[OUTPUT] 2025-11-30T18:44:34.040679 Epoch 1 - Block 1 [Training] Accelerator Utilization [AU] (%): 61.8528
[OUTPUT] 2025-11-30T18:44:34.040755 Epoch 1 - Block 1 [Training] Throughput (samples/second): 42.8477
[OUTPUT] 2025-11-30T18:44:34.040802 Epoch 1 - Block 1 [Training] Computation time per step (second): 0.3234+/-0.0000 (set value: {'mean': 0.323})
[OUTPUT] 2025-11-30T18:44:34.041395 Ending epoch 1 - 6 steps completed in 7.62 s
[OUTPUT] 2025-11-30T18:44:34.042117 Starting eval - 0 steps expected
[OUTPUT] 2025-11-30T18:44:34.065242 Ending eval - 0 steps completed in 0.02 s
[OUTPUT] 2025-11-30T18:44:34.087882 Epoch 1 [Eval] Accelerator Utilization [AU] (%): 0.0000
[OUTPUT] 2025-11-30T18:44:34.087958 Epoch 1 [Eval] Throughput (samples/second): 0.0000
[OUTPUT] 2025-11-30T18:44:34.137332 Starting epoch 2: 6 steps expected
[OUTPUT] 2025-11-30T18:44:34.137698 Starting block 1
[OUTPUT] 2025-11-30T18:44:41.541116 Ending block 1 - 6 steps completed in 7.40 s
[OUTPUT] 2025-11-30T18:44:41.542470 Epoch 2 - Block 1 [Training] Accelerator Utilization [AU] (%): 62.2648
[OUTPUT] 2025-11-30T18:44:41.542540 Epoch 2 - Block 1 [Training] Throughput (samples/second): 43.1330
[OUTPUT] 2025-11-30T18:44:41.542588 Epoch 2 - Block 1 [Training] Computation time per step (second): 0.3234+/-0.0000 (set value: {'mean': 0.323})
[OUTPUT] 2025-11-30T18:44:41.543126 Ending epoch 2 - 6 steps completed in 7.41 s
[OUTPUT] 2025-11-30T18:44:41.543805 Starting eval - 0 steps expected
[OUTPUT] 2025-11-30T18:44:41.547163 Ending eval - 0 steps completed in 0.00 s
[OUTPUT] 2025-11-30T18:44:41.547922 Epoch 2 [Eval] Accelerator Utilization [AU] (%): 0.0000
[OUTPUT] 2025-11-30T18:44:41.547980 Epoch 2 [Eval] Throughput (samples/second): 0.0000
[OUTPUT] 2025-11-30T18:44:41.548385 Starting epoch 3: 6 steps expected
[OUTPUT] 2025-11-30T18:44:41.548635 Starting block 1
[OUTPUT] 2025-11-30T18:44:48.868606 Ending block 1 - 6 steps completed in 7.32 s
[OUTPUT] 2025-11-30T18:44:48.869909 Epoch 3 - Block 1 [Training] Accelerator Utilization [AU] (%): 63.5376
[OUTPUT] 2025-11-30T18:44:48.869982 Epoch 3 - Block 1 [Training] Throughput (samples/second): 44.0149
[OUTPUT] 2025-11-30T18:44:48.870029 Epoch 3 - Block 1 [Training] Computation time per step (second): 0.3234+/-0.0000 (set value: {'mean': 0.323})
[OUTPUT] 2025-11-30T18:44:48.870450 Ending epoch 3 - 6 steps completed in 7.32 s
[OUTPUT] 2025-11-30T18:44:48.871135 Starting eval - 0 steps expected
[OUTPUT] 2025-11-30T18:44:48.872612 Ending eval - 0 steps completed in 0.00 s
[OUTPUT] 2025-11-30T18:44:48.873314 Epoch 3 [Eval] Accelerator Utilization [AU] (%): 0.0000
[OUTPUT] 2025-11-30T18:44:48.873369 Epoch 3 [Eval] Throughput (samples/second): 0.0000
[OUTPUT] 2025-11-30T18:44:48.873762 Starting epoch 4: 6 steps expected
[OUTPUT] 2025-11-30T18:44:48.874005 Starting block 1
[OUTPUT] 2025-11-30T18:44:56.208575 Ending block 1 - 6 steps completed in 7.33 s
[OUTPUT] 2025-11-30T18:44:56.209878 Epoch 4 - Block 1 [Training] Accelerator Utilization [AU] (%): 63.0448
[OUTPUT] 2025-11-30T18:44:56.209950 Epoch 4 - Block 1 [Training] Throughput (samples/second): 43.6718
[OUTPUT] 2025-11-30T18:44:56.209997 Epoch 4 - Block 1 [Training] Computation time per step (second): 0.3234+/-0.0000 (set value: {'mean': 0.323})
[OUTPUT] 2025-11-30T18:44:56.210416 Ending epoch 4 - 6 steps completed in 7.34 s
[OUTPUT] 2025-11-30T18:44:56.211097 Starting eval - 0 steps expected
[OUTPUT] 2025-11-30T18:44:56.212438 Ending eval - 0 steps completed in 0.00 s
[OUTPUT] 2025-11-30T18:44:56.213142 Epoch 4 [Eval] Accelerator Utilization [AU] (%): 0.0000
[OUTPUT] 2025-11-30T18:44:56.213199 Epoch 4 [Eval] Throughput (samples/second): 0.0000
[OUTPUT] 2025-11-30T18:44:56.213597 Starting epoch 5: 6 steps expected
[OUTPUT] 2025-11-30T18:44:56.213837 Starting block 1
[OUTPUT] 2025-11-30T18:45:03.548643 Ending block 1 - 6 steps completed in 7.33 s
[OUTPUT] 2025-11-30T18:45:03.549897 Epoch 5 - Block 1 [Training] Accelerator Utilization [AU] (%): 63.2885
[OUTPUT] 2025-11-30T18:45:03.549960 Epoch 5 - Block 1 [Training] Throughput (samples/second): 43.8419
[OUTPUT] 2025-11-30T18:45:03.550000 Epoch 5 - Block 1 [Training] Computation time per step (second): 0.3234+/-0.0000 (set value: {'mean': 0.323})
[OUTPUT] 2025-11-30T18:45:03.550253 Starting saving checkpoint 1 after total step 6 for epoch 5
[OUTPUT] 2025-11-30T18:45:03.556466 Finished saving checkpoint 1 for epoch 5 in 0.0062 s; Throughput: 0.0015 GB/s
[OUTPUT] 2025-11-30T18:45:03.557401 Ending epoch 5 - 6 steps completed in 7.34 s
[OUTPUT] 2025-11-30T18:45:03.558075 Starting eval - 0 steps expected
[OUTPUT] 2025-11-30T18:45:03.559471 Ending eval - 0 steps completed in 0.00 s
[OUTPUT] 2025-11-30T18:45:03.560155 Epoch 5 [Eval] Accelerator Utilization [AU] (%): 0.0000
[OUTPUT] 2025-11-30T18:45:03.560208 Epoch 5 [Eval] Throughput (samples/second): 0.0000
[OUTPUT] 2025-11-30T18:45:03.561319 Saved outputs in /scratch/mhm/pablo.hugen2/perf_2025/dlio_data_146062/hydra_log/unet3d_h100_custom/2025-11-30-18-44-22
[OUTPUT] Averaged metric over all steps/epochs
[METRIC] ==========================================================
[METRIC] Number of Simulated Accelerators: 4 
[METRIC] Training Accelerator Utilization [AU] (%): 57.5783 (0.7230)
[METRIC] Training Throughput (samples/second): 39.8866 (0.5010)
[METRIC] Training I/O Throughput (MB/second): 5576.5195 (70.0421)
[METRIC] train_au_meet_expectation: fail
[METRIC] Eval Accelerator Utilization [AU] (%): 0.0000 (0.0000)
[METRIC] Eval Throughput (samples/second): 0.000000 (0.000000)
[METRIC] Eval Throughput (MB/second): 0.000000 (0.000000)
[METRIC] eval_au_meet_expectation: fail
[METRIC] ==========================================================

[OUTPUT] 2025-11-30T18:45:03.566144 outputs saved in RANKID_output.json
