[OUTPUT] 2025-10-06T00:10:57.171565 Running DLIO [Training & Evaluation] with 1 process(es)
[WARNING] The amount of dataset is smaller than the host memory; data might be cached after the first epoch. Increase the size of dataset to eliminate the caching effect!!!
[OUTPUT] 2025-10-06T00:10:58.063068 Max steps per epoch: 1024 = 1024 * 1 / 1 / 1 (samples per file * num files / batch size / comm size)
[OUTPUT] 2025-10-06T00:10:58.063454 Steps per eval: 1024 = 1024 * 1 / 1 / 1 (samples per file * num files / batch size eval / comm size)
[OUTPUT] 2025-10-06T00:10:58.331941 Starting epoch 1: 1024 steps expected
[OUTPUT] 2025-10-06T00:10:58.332490 Starting block 1
[OUTPUT] 2025-10-06T00:21:27.226609 Ending block 1 - 1024 steps completed in 628.89 s
[OUTPUT] 2025-10-06T00:21:27.253963 Epoch 1 - Block 1 [Training] Accelerator Utilization [AU] (%): 10.5066
[OUTPUT] 2025-10-06T00:21:27.254038 Epoch 1 - Block 1 [Training] Throughput (samples/second): 1.6301
[OUTPUT] 2025-10-06T00:21:27.254082 Epoch 1 - Block 1 [Training] Computation time per step (second): 0.0644+/-0.0000 (set value: {'mean': 0.064296})
[OUTPUT] 2025-10-06T00:21:27.348527 Ending epoch 1 - 1024 steps completed in 629.02 s
[OUTPUT] 2025-10-06T00:21:27.349454 Starting eval - 1024 steps expected
[OUTPUT] 2025-10-06T00:32:34.081059 Ending eval - 1024 steps completed in 666.73 s
[OUTPUT] 2025-10-06T00:32:34.084293 Epoch 1 [Eval] Accelerator Utilization [AU] (%): 0.0024
[OUTPUT] 2025-10-06T00:32:34.084383 Epoch 1 [Eval] Throughput (samples/second): 1.5359
[OUTPUT] 2025-10-06T00:32:34.149259 Starting epoch 2: 1024 steps expected
[OUTPUT] 2025-10-06T00:32:34.149689 Starting block 1
[OUTPUT] 2025-10-06T00:43:00.560172 Ending block 1 - 1024 steps completed in 626.41 s
[OUTPUT] 2025-10-06T00:43:00.561962 Epoch 2 - Block 1 [Training] Accelerator Utilization [AU] (%): 10.5372
[OUTPUT] 2025-10-06T00:43:00.562040 Epoch 2 - Block 1 [Training] Throughput (samples/second): 1.6346
[OUTPUT] 2025-10-06T00:43:00.562082 Epoch 2 - Block 1 [Training] Computation time per step (second): 0.0644+/-0.0000 (set value: {'mean': 0.064296})
[OUTPUT] 2025-10-06T00:43:00.630611 Ending epoch 2 - 1024 steps completed in 626.48 s
[OUTPUT] 2025-10-06T00:43:00.631477 Starting eval - 1024 steps expected
[OUTPUT] 2025-10-06T00:54:08.014530 Ending eval - 1024 steps completed in 667.38 s
[OUTPUT] 2025-10-06T00:54:08.016423 Epoch 2 [Eval] Accelerator Utilization [AU] (%): 0.0024
[OUTPUT] 2025-10-06T00:54:08.016502 Epoch 2 [Eval] Throughput (samples/second): 1.5344
[OUTPUT] 2025-10-06T00:54:08.126123 Saved outputs in /scratch/mhm/pablo.hugen2/perf_2025/dlio_data/hydra_log/dlrm_custom/2025-10-06-00-10-49
[OUTPUT] Averaged metric over all steps/epochs
[METRIC] ==========================================================
[METRIC] Number of Simulated Accelerators: 1 
[METRIC] Training Accelerator Utilization [AU] (%): 10.5219 (0.0153)
[METRIC] Training Throughput (samples/second): 1.6324 (0.0023)
[METRIC] Training I/O Throughput (MB/second): 1044.7070 (1.4481)
[METRIC] train_au_meet_expectation: fail
[METRIC] Eval Accelerator Utilization [AU] (%): 0.0024 (0.0000)
[METRIC] Eval Throughput (samples/second): 1.535130 (0.000744)
[METRIC] Eval Throughput (MB/second): 982.483326 (0.475978)
[METRIC] eval_au_meet_expectation: fail
[METRIC] ==========================================================

[OUTPUT] 2025-10-06T00:54:08.140567 outputs saved in RANKID_output.json
