[OUTPUT] 2025-11-30T18:50:16.237360 Running DLIO [Training & Evaluation & Checkpointing] with 4 process(es)
[OUTPUT] 2025-11-30T18:50:16.249397 Model size: 0.000010 GB 
[OUTPUT] 2025-11-30T18:50:16.249516 Total checkpoint size: 0.000010 GB 
[OUTPUT] 2025-11-30T18:50:16.249603 Max steps per epoch: 6 = 1 * 168 / 7 / 4 (samples per file * num files / batch size / comm size)
[OUTPUT] 2025-11-30T18:50:16.249669 Steps per eval: 0 = 1 * 0 / 1 / 4 (samples per file * num files / batch size eval / comm size)
[OUTPUT] 2025-11-30T18:50:16.253483 Starting epoch 1: 6 steps expected
[OUTPUT] 2025-11-30T18:50:16.253695 Starting block 1
[OUTPUT] 2025-11-30T18:50:36.417023 Ending block 1 - 6 steps completed in 20.16 s
[OUTPUT] 2025-11-30T18:50:36.421237 Epoch 1 - Block 1 [Training] Accelerator Utilization [AU] (%): 23.4539
[OUTPUT] 2025-11-30T18:50:36.421316 Epoch 1 - Block 1 [Training] Throughput (samples/second): 16.2466
[OUTPUT] 2025-11-30T18:50:36.421366 Epoch 1 - Block 1 [Training] Computation time per step (second): 0.3234+/-0.0000 (set value: {'mean': 0.323})
[OUTPUT] 2025-11-30T18:50:36.421954 Ending epoch 1 - 6 steps completed in 20.17 s
[OUTPUT] 2025-11-30T18:50:36.422693 Starting eval - 0 steps expected
[OUTPUT] 2025-11-30T18:50:36.445975 Ending eval - 0 steps completed in 0.02 s
[OUTPUT] 2025-11-30T18:50:36.458607 Epoch 1 [Eval] Accelerator Utilization [AU] (%): 0.0000
[OUTPUT] 2025-11-30T18:50:36.458684 Epoch 1 [Eval] Throughput (samples/second): 0.0000
[OUTPUT] 2025-11-30T18:50:36.511954 Starting epoch 2: 6 steps expected
[OUTPUT] 2025-11-30T18:50:36.512307 Starting block 1
[OUTPUT] 2025-11-30T18:50:56.578602 Ending block 1 - 6 steps completed in 20.07 s
[OUTPUT] 2025-11-30T18:50:56.579944 Epoch 2 - Block 1 [Training] Accelerator Utilization [AU] (%): 23.2659
[OUTPUT] 2025-11-30T18:50:56.580014 Epoch 2 - Block 1 [Training] Throughput (samples/second): 16.1170
[OUTPUT] 2025-11-30T18:50:56.580065 Epoch 2 - Block 1 [Training] Computation time per step (second): 0.3234+/-0.0000 (set value: {'mean': 0.323})
[OUTPUT] 2025-11-30T18:50:56.580532 Ending epoch 2 - 6 steps completed in 20.07 s
[OUTPUT] 2025-11-30T18:50:56.581245 Starting eval - 0 steps expected
[OUTPUT] 2025-11-30T18:50:56.584505 Ending eval - 0 steps completed in 0.00 s
[OUTPUT] 2025-11-30T18:50:56.585250 Epoch 2 [Eval] Accelerator Utilization [AU] (%): 0.0000
[OUTPUT] 2025-11-30T18:50:56.585309 Epoch 2 [Eval] Throughput (samples/second): 0.0000
[OUTPUT] 2025-11-30T18:50:56.585754 Starting epoch 3: 6 steps expected
[OUTPUT] 2025-11-30T18:50:56.585998 Starting block 1
[OUTPUT] 2025-11-30T18:51:16.705323 Ending block 1 - 6 steps completed in 20.12 s
[OUTPUT] 2025-11-30T18:51:16.706693 Epoch 3 - Block 1 [Training] Accelerator Utilization [AU] (%): 22.9467
[OUTPUT] 2025-11-30T18:51:16.706764 Epoch 3 - Block 1 [Training] Throughput (samples/second): 15.8958
[OUTPUT] 2025-11-30T18:51:16.706809 Epoch 3 - Block 1 [Training] Computation time per step (second): 0.3234+/-0.0000 (set value: {'mean': 0.323})
[OUTPUT] 2025-11-30T18:51:16.707201 Ending epoch 3 - 6 steps completed in 20.12 s
[OUTPUT] 2025-11-30T18:51:16.707889 Starting eval - 0 steps expected
[OUTPUT] 2025-11-30T18:51:16.709185 Ending eval - 0 steps completed in 0.00 s
[OUTPUT] 2025-11-30T18:51:16.709883 Epoch 3 [Eval] Accelerator Utilization [AU] (%): 0.0000
[OUTPUT] 2025-11-30T18:51:16.709939 Epoch 3 [Eval] Throughput (samples/second): 0.0000
[OUTPUT] 2025-11-30T18:51:16.710359 Starting epoch 4: 6 steps expected
[OUTPUT] 2025-11-30T18:51:16.710617 Starting block 1
[OUTPUT] 2025-11-30T18:51:36.737141 Ending block 1 - 6 steps completed in 20.03 s
[OUTPUT] 2025-11-30T18:51:36.738512 Epoch 4 - Block 1 [Training] Accelerator Utilization [AU] (%): 23.1997
[OUTPUT] 2025-11-30T18:51:36.738584 Epoch 4 - Block 1 [Training] Throughput (samples/second): 16.0742
[OUTPUT] 2025-11-30T18:51:36.738632 Epoch 4 - Block 1 [Training] Computation time per step (second): 0.3233+/-0.0001 (set value: {'mean': 0.323})
[OUTPUT] 2025-11-30T18:51:36.739004 Ending epoch 4 - 6 steps completed in 20.03 s
[OUTPUT] 2025-11-30T18:51:36.739691 Starting eval - 0 steps expected
[OUTPUT] 2025-11-30T18:51:36.740826 Ending eval - 0 steps completed in 0.00 s
[OUTPUT] 2025-11-30T18:51:36.741522 Epoch 4 [Eval] Accelerator Utilization [AU] (%): 0.0000
[OUTPUT] 2025-11-30T18:51:36.741570 Epoch 4 [Eval] Throughput (samples/second): 0.0000
[OUTPUT] 2025-11-30T18:51:36.741977 Starting epoch 5: 6 steps expected
[OUTPUT] 2025-11-30T18:51:36.742226 Starting block 1
[OUTPUT] 2025-11-30T18:51:56.790082 Ending block 1 - 6 steps completed in 20.05 s
[OUTPUT] 2025-11-30T18:51:56.791448 Epoch 5 - Block 1 [Training] Accelerator Utilization [AU] (%): 23.0822
[OUTPUT] 2025-11-30T18:51:56.791516 Epoch 5 - Block 1 [Training] Throughput (samples/second): 15.9927
[OUTPUT] 2025-11-30T18:51:56.791560 Epoch 5 - Block 1 [Training] Computation time per step (second): 0.3233+/-0.0001 (set value: {'mean': 0.323})
[OUTPUT] 2025-11-30T18:51:56.791799 Starting saving checkpoint 1 after total step 6 for epoch 5
[OUTPUT] 2025-11-30T18:51:56.797907 Finished saving checkpoint 1 for epoch 5 in 0.0061 s; Throughput: 0.0016 GB/s
[OUTPUT] 2025-11-30T18:51:56.798809 Ending epoch 5 - 6 steps completed in 20.06 s
[OUTPUT] 2025-11-30T18:51:56.799484 Starting eval - 0 steps expected
[OUTPUT] 2025-11-30T18:51:56.800647 Ending eval - 0 steps completed in 0.00 s
[OUTPUT] 2025-11-30T18:51:56.801340 Epoch 5 [Eval] Accelerator Utilization [AU] (%): 0.0000
[OUTPUT] 2025-11-30T18:51:56.801395 Epoch 5 [Eval] Throughput (samples/second): 0.0000
[OUTPUT] 2025-11-30T18:51:56.802577 Saved outputs in /scratch/mhm/pablo.hugen2/perf_2025/dlio_data_146062/hydra_log/unet3d_h100_custom/2025-11-30-18-50-12
[OUTPUT] Averaged metric over all steps/epochs
[METRIC] ==========================================================
[METRIC] Number of Simulated Accelerators: 4 
[METRIC] Training Accelerator Utilization [AU] (%): 21.0792 (0.1292)
[METRIC] Training Throughput (samples/second): 14.6027 (0.0896)
[METRIC] Training I/O Throughput (MB/second): 2041.5873 (12.5208)
[METRIC] train_au_meet_expectation: fail
[METRIC] Eval Accelerator Utilization [AU] (%): 0.0000 (0.0000)
[METRIC] Eval Throughput (samples/second): 0.000000 (0.000000)
[METRIC] Eval Throughput (MB/second): 0.000000 (0.000000)
[METRIC] eval_au_meet_expectation: fail
[METRIC] ==========================================================

[OUTPUT] 2025-11-30T18:51:56.807820 outputs saved in RANKID_output.json
