[OUTPUT] 2025-11-30T18:36:32.838105 Running DLIO [Training & Evaluation & Checkpointing] with 4 process(es)
[OUTPUT] 2025-11-30T18:36:32.849379 Model size: 0.000010 GB 
[OUTPUT] 2025-11-30T18:36:32.849504 Total checkpoint size: 0.000010 GB 
[OUTPUT] 2025-11-30T18:36:32.849590 Max steps per epoch: 42 = 1 * 168 / 1 / 4 (samples per file * num files / batch size / comm size)
[OUTPUT] 2025-11-30T18:36:32.849655 Steps per eval: 0 = 1 * 0 / 1 / 4 (samples per file * num files / batch size eval / comm size)
[OUTPUT] 2025-11-30T18:36:32.853220 Starting epoch 1: 42 steps expected
[OUTPUT] 2025-11-30T18:36:32.853427 Starting block 1
[OUTPUT] 2025-11-30T18:36:47.328488 Ending block 1 - 42 steps completed in 14.48 s
[OUTPUT] 2025-11-30T18:36:47.333089 Epoch 1 - Block 1 [Training] Accelerator Utilization [AU] (%): 99.5514
[OUTPUT] 2025-11-30T18:36:47.333162 Epoch 1 - Block 1 [Training] Throughput (samples/second): 12.0145
[OUTPUT] 2025-11-30T18:36:47.333211 Epoch 1 - Block 1 [Training] Computation time per step (second): 0.3234+/-0.0000 (set value: {'mean': 0.323})
[OUTPUT] 2025-11-30T18:36:47.333706 Ending epoch 1 - 42 steps completed in 14.48 s
[OUTPUT] 2025-11-30T18:36:47.334433 Starting eval - 0 steps expected
[OUTPUT] 2025-11-30T18:36:47.377040 Ending eval - 0 steps completed in 0.04 s
[OUTPUT] 2025-11-30T18:36:47.379937 Epoch 1 [Eval] Accelerator Utilization [AU] (%): 0.0000
[OUTPUT] 2025-11-30T18:36:47.380007 Epoch 1 [Eval] Throughput (samples/second): 0.0000
[OUTPUT] 2025-11-30T18:36:47.425706 Starting epoch 2: 42 steps expected
[OUTPUT] 2025-11-30T18:36:47.426109 Starting block 1
[OUTPUT] 2025-11-30T18:37:01.778608 Ending block 1 - 42 steps completed in 14.35 s
[OUTPUT] 2025-11-30T18:37:01.779919 Epoch 2 - Block 1 [Training] Accelerator Utilization [AU] (%): 99.2710
[OUTPUT] 2025-11-30T18:37:01.779986 Epoch 2 - Block 1 [Training] Throughput (samples/second): 11.9806
[OUTPUT] 2025-11-30T18:37:01.780030 Epoch 2 - Block 1 [Training] Computation time per step (second): 0.3234+/-0.0000 (set value: {'mean': 0.323})
[OUTPUT] 2025-11-30T18:37:01.780445 Ending epoch 2 - 42 steps completed in 14.35 s
[OUTPUT] 2025-11-30T18:37:01.781163 Starting eval - 0 steps expected
[OUTPUT] 2025-11-30T18:37:01.784255 Ending eval - 0 steps completed in 0.00 s
[OUTPUT] 2025-11-30T18:37:01.784972 Epoch 2 [Eval] Accelerator Utilization [AU] (%): 0.0000
[OUTPUT] 2025-11-30T18:37:01.785027 Epoch 2 [Eval] Throughput (samples/second): 0.0000
[OUTPUT] 2025-11-30T18:37:01.785432 Starting epoch 3: 42 steps expected
[OUTPUT] 2025-11-30T18:37:01.785679 Starting block 1
[OUTPUT] 2025-11-30T18:37:16.123437 Ending block 1 - 42 steps completed in 14.34 s
[OUTPUT] 2025-11-30T18:37:16.124723 Epoch 3 - Block 1 [Training] Accelerator Utilization [AU] (%): 99.0889
[OUTPUT] 2025-11-30T18:37:16.124787 Epoch 3 - Block 1 [Training] Throughput (samples/second): 11.9587
[OUTPUT] 2025-11-30T18:37:16.124830 Epoch 3 - Block 1 [Training] Computation time per step (second): 0.3234+/-0.0000 (set value: {'mean': 0.323})
[OUTPUT] 2025-11-30T18:37:16.125138 Ending epoch 3 - 42 steps completed in 14.34 s
[OUTPUT] 2025-11-30T18:37:16.125841 Starting eval - 0 steps expected
[OUTPUT] 2025-11-30T18:37:16.127225 Ending eval - 0 steps completed in 0.00 s
[OUTPUT] 2025-11-30T18:37:16.127927 Epoch 3 [Eval] Accelerator Utilization [AU] (%): 0.0000
[OUTPUT] 2025-11-30T18:37:16.127978 Epoch 3 [Eval] Throughput (samples/second): 0.0000
[OUTPUT] 2025-11-30T18:37:16.128383 Starting epoch 4: 42 steps expected
[OUTPUT] 2025-11-30T18:37:16.128631 Starting block 1
[OUTPUT] 2025-11-30T18:37:30.407517 Ending block 1 - 42 steps completed in 14.28 s
[OUTPUT] 2025-11-30T18:37:30.408772 Epoch 4 - Block 1 [Training] Accelerator Utilization [AU] (%): 99.5304
[OUTPUT] 2025-11-30T18:37:30.408833 Epoch 4 - Block 1 [Training] Throughput (samples/second): 12.0120
[OUTPUT] 2025-11-30T18:37:30.408875 Epoch 4 - Block 1 [Training] Computation time per step (second): 0.3234+/-0.0000 (set value: {'mean': 0.323})
[OUTPUT] 2025-11-30T18:37:30.409184 Ending epoch 4 - 42 steps completed in 14.28 s
[OUTPUT] 2025-11-30T18:37:30.409881 Starting eval - 0 steps expected
[OUTPUT] 2025-11-30T18:37:30.411165 Ending eval - 0 steps completed in 0.00 s
[OUTPUT] 2025-11-30T18:37:30.411877 Epoch 4 [Eval] Accelerator Utilization [AU] (%): 0.0000
[OUTPUT] 2025-11-30T18:37:30.411929 Epoch 4 [Eval] Throughput (samples/second): 0.0000
[OUTPUT] 2025-11-30T18:37:30.412354 Starting epoch 5: 42 steps expected
[OUTPUT] 2025-11-30T18:37:30.412604 Starting block 1
[OUTPUT] 2025-11-30T18:37:44.702104 Ending block 1 - 42 steps completed in 14.29 s
[OUTPUT] 2025-11-30T18:37:44.703427 Epoch 5 - Block 1 [Training] Accelerator Utilization [AU] (%): 99.4501
[OUTPUT] 2025-11-30T18:37:44.703499 Epoch 5 - Block 1 [Training] Throughput (samples/second): 12.0025
[OUTPUT] 2025-11-30T18:37:44.703549 Epoch 5 - Block 1 [Training] Computation time per step (second): 0.3233+/-0.0000 (set value: {'mean': 0.323})
[OUTPUT] 2025-11-30T18:37:44.703796 Starting saving checkpoint 1 after total step 42 for epoch 5
[OUTPUT] 2025-11-30T18:37:44.714348 Finished saving checkpoint 1 for epoch 5 in 0.0106 s; Throughput: 0.0009 GB/s
[OUTPUT] 2025-11-30T18:37:44.715190 Ending epoch 5 - 42 steps completed in 14.30 s
[OUTPUT] 2025-11-30T18:37:44.715863 Starting eval - 0 steps expected
[OUTPUT] 2025-11-30T18:37:44.717169 Ending eval - 0 steps completed in 0.00 s
[OUTPUT] 2025-11-30T18:37:44.717861 Epoch 5 [Eval] Accelerator Utilization [AU] (%): 0.0000
[OUTPUT] 2025-11-30T18:37:44.717913 Epoch 5 [Eval] Throughput (samples/second): 0.0000
[OUTPUT] 2025-11-30T18:37:44.719063 Saved outputs in /scratch/mhm/pablo.hugen2/perf_2025/dlio_data_146062/hydra_log/unet3d_h100_custom/2025-11-30-18-36-29
[OUTPUT] Averaged metric over all steps/epochs
[METRIC] ==========================================================
[METRIC] Number of Simulated Accelerators: 4 
[METRIC] Training Accelerator Utilization [AU] (%): 98.4370 (0.1394)
[METRIC] Training Throughput (samples/second): 11.8781 (0.0178)
[METRIC] Training I/O Throughput (MB/second): 1660.6703 (2.4881)
[METRIC] train_au_meet_expectation: success
[METRIC] Eval Accelerator Utilization [AU] (%): 0.0000 (0.0000)
[METRIC] Eval Throughput (samples/second): 0.000000 (0.000000)
[METRIC] Eval Throughput (MB/second): 0.000000 (0.000000)
[METRIC] eval_au_meet_expectation: fail
[METRIC] ==========================================================

[OUTPUT] 2025-11-30T18:37:44.724757 outputs saved in RANKID_output.json
