[OUTPUT] 2025-08-27T12:18:31.258719 Running DLIO [Training & Evaluation & Checkpointing] with 6 process(es)
[WARNING] The amount of dataset is smaller than the host memory; data might be cached after the first epoch. Increase the size of dataset to eliminate the caching effect!!!
[OUTPUT] 2025-08-27T12:18:31.268757 Model size: 0.000010 GB 
[OUTPUT] 2025-08-27T12:18:31.268836 Total checkpoint size: 0.000010 GB 
[OUTPUT] 2025-08-27T12:18:31.268911 Max steps per epoch: 4 = 1 * 168 / 7 / 6 (samples per file * num files / batch size / comm size)
[OUTPUT] 2025-08-27T12:18:31.268942 Steps per eval: 0 = 1 * 0 / 1 / 6 (samples per file * num files / batch size eval / comm size)
[OUTPUT] 2025-08-27T12:18:31.274927 Starting epoch 1: 4 steps expected
[OUTPUT] 2025-08-27T12:18:31.275125 Starting block 1
[OUTPUT] 2025-08-27T12:18:34.646394 Ending block 1 - 4 steps completed in 3.37 s
[OUTPUT] 2025-08-27T12:18:34.650638 Epoch 1 - Block 1 [Training] Accelerator Utilization [AU] (%): 95.9992
[OUTPUT] 2025-08-27T12:18:34.650693 Epoch 1 - Block 1 [Training] Throughput (samples/second): 83.1738
[OUTPUT] 2025-08-27T12:18:34.650726 Epoch 1 - Block 1 [Training] Computation time per step (second): 0.3232+/-0.0000 (set value: {'mean': 0.323})
[OUTPUT] 2025-08-27T12:18:34.651114 Ending epoch 1 - 4 steps completed in 3.38 s
[OUTPUT] 2025-08-27T12:18:34.652347 Starting eval - 0 steps expected
[OUTPUT] 2025-08-27T12:18:34.688999 Ending eval - 0 steps completed in 0.04 s
[OUTPUT] 2025-08-27T12:18:34.691308 Epoch 1 [Eval] Accelerator Utilization [AU] (%): 0.0000
[OUTPUT] 2025-08-27T12:18:34.691357 Epoch 1 [Eval] Throughput (samples/second): 0.0000
[OUTPUT] 2025-08-27T12:18:34.695089 Starting epoch 2: 4 steps expected
[OUTPUT] 2025-08-27T12:18:34.695369 Starting block 1
[OUTPUT] 2025-08-27T12:18:37.924036 Ending block 1 - 4 steps completed in 3.23 s
[OUTPUT] 2025-08-27T12:18:37.925027 Epoch 2 - Block 1 [Training] Accelerator Utilization [AU] (%): 55.1169
[OUTPUT] 2025-08-27T12:18:37.925059 Epoch 2 - Block 1 [Training] Throughput (samples/second): 47.7509
[OUTPUT] 2025-08-27T12:18:37.925081 Epoch 2 - Block 1 [Training] Computation time per step (second): 0.3232+/-0.0000 (set value: {'mean': 0.323})
[OUTPUT] 2025-08-27T12:18:37.925357 Ending epoch 2 - 4 steps completed in 3.23 s
[OUTPUT] 2025-08-27T12:18:37.925989 Starting eval - 0 steps expected
[OUTPUT] 2025-08-27T12:18:37.928071 Ending eval - 0 steps completed in 0.00 s
[OUTPUT] 2025-08-27T12:18:37.928852 Epoch 2 [Eval] Accelerator Utilization [AU] (%): 0.0000
[OUTPUT] 2025-08-27T12:18:37.928880 Epoch 2 [Eval] Throughput (samples/second): 0.0000
[OUTPUT] 2025-08-27T12:18:37.930420 Starting epoch 3: 4 steps expected
[OUTPUT] 2025-08-27T12:18:37.930557 Starting block 1
[OUTPUT] 2025-08-27T12:18:41.182032 Ending block 1 - 4 steps completed in 3.25 s
[OUTPUT] 2025-08-27T12:18:41.182884 Epoch 3 - Block 1 [Training] Accelerator Utilization [AU] (%): 83.6620
[OUTPUT] 2025-08-27T12:18:41.182913 Epoch 3 - Block 1 [Training] Throughput (samples/second): 72.4854
[OUTPUT] 2025-08-27T12:18:41.182935 Epoch 3 - Block 1 [Training] Computation time per step (second): 0.3232+/-0.0000 (set value: {'mean': 0.323})
[OUTPUT] 2025-08-27T12:18:41.183165 Ending epoch 3 - 4 steps completed in 3.25 s
[OUTPUT] 2025-08-27T12:18:41.183769 Starting eval - 0 steps expected
[OUTPUT] 2025-08-27T12:18:41.184891 Ending eval - 0 steps completed in 0.00 s
[OUTPUT] 2025-08-27T12:18:41.185560 Epoch 3 [Eval] Accelerator Utilization [AU] (%): 0.0000
[OUTPUT] 2025-08-27T12:18:41.185587 Epoch 3 [Eval] Throughput (samples/second): 0.0000
[OUTPUT] 2025-08-27T12:18:41.186620 Starting epoch 4: 4 steps expected
[OUTPUT] 2025-08-27T12:18:41.186755 Starting block 1
[OUTPUT] 2025-08-27T12:18:44.504352 Ending block 1 - 4 steps completed in 3.32 s
[OUTPUT] 2025-08-27T12:18:44.505244 Epoch 4 - Block 1 [Training] Accelerator Utilization [AU] (%): 82.3811
[OUTPUT] 2025-08-27T12:18:44.505273 Epoch 4 - Block 1 [Training] Throughput (samples/second): 71.3759
[OUTPUT] 2025-08-27T12:18:44.505294 Epoch 4 - Block 1 [Training] Computation time per step (second): 0.3232+/-0.0000 (set value: {'mean': 0.323})
[OUTPUT] 2025-08-27T12:18:44.505501 Ending epoch 4 - 4 steps completed in 3.32 s
[OUTPUT] 2025-08-27T12:18:44.506166 Starting eval - 0 steps expected
[OUTPUT] 2025-08-27T12:18:44.507341 Ending eval - 0 steps completed in 0.00 s
[OUTPUT] 2025-08-27T12:18:44.508145 Epoch 4 [Eval] Accelerator Utilization [AU] (%): 0.0000
[OUTPUT] 2025-08-27T12:18:44.508173 Epoch 4 [Eval] Throughput (samples/second): 0.0000
[OUTPUT] 2025-08-27T12:18:44.509090 Starting epoch 5: 4 steps expected
[OUTPUT] 2025-08-27T12:18:44.509219 Starting block 1
[OUTPUT] 2025-08-27T12:18:47.709902 Ending block 1 - 4 steps completed in 3.20 s
[OUTPUT] 2025-08-27T12:18:47.711047 Epoch 5 - Block 1 [Training] Accelerator Utilization [AU] (%): 92.2953
[OUTPUT] 2025-08-27T12:18:47.711090 Epoch 5 - Block 1 [Training] Throughput (samples/second): 79.9620
[OUTPUT] 2025-08-27T12:18:47.711125 Epoch 5 - Block 1 [Training] Computation time per step (second): 0.3232+/-0.0000 (set value: {'mean': 0.323})
[OUTPUT] 2025-08-27T12:18:47.711367 Starting saving checkpoint 1 after total step 4 for epoch 5
[OUTPUT] 2025-08-27T12:18:47.718972 Finished saving checkpoint 1 for epoch 5 in 0.0076 s; Throughput: 0.0013 GB/s
[OUTPUT] 2025-08-27T12:18:47.719729 Ending epoch 5 - 4 steps completed in 3.21 s
[OUTPUT] 2025-08-27T12:18:47.720336 Starting eval - 0 steps expected
[OUTPUT] 2025-08-27T12:18:47.721500 Ending eval - 0 steps completed in 0.00 s
[OUTPUT] 2025-08-27T12:18:47.722113 Epoch 5 [Eval] Accelerator Utilization [AU] (%): 0.0000
[OUTPUT] 2025-08-27T12:18:47.722138 Epoch 5 [Eval] Throughput (samples/second): 0.0000
[OUTPUT] 2025-08-27T12:18:47.723618 Saved outputs in /scratch/phugen/hydra_log/unet3d_h100_custom/2025-08-27-12-18-29
[OUTPUT] Averaged metric over all steps/epochs
[METRIC] ==========================================================
[METRIC] Number of Simulated Accelerators: 6 
[METRIC] Training Accelerator Utilization [AU] (%): 83.4286 (3.7674)
[METRIC] Training Throughput (samples/second): 72.2808 (3.2634)
[METRIC] Training I/O Throughput (MB/second): 10105.5247 (456.2548)
[METRIC] train_au_meet_expectation: fail
[METRIC] Eval Accelerator Utilization [AU] (%): 0.0000 (0.0000)
[METRIC] Eval Throughput (samples/second): 0.000000 (0.000000)
[METRIC] Eval Throughput (MB/second): 0.000000 (0.000000)
[METRIC] eval_au_meet_expectation: fail
[METRIC] ==========================================================

[OUTPUT] 2025-08-27T12:18:47.726396 outputs saved in RANKID_output.json
