[OUTPUT] 2025-10-07T11:22:21.559032 Running DLIO [Training & Evaluation] with 6 process(es)
[WARNING] The amount of dataset is smaller than the host memory; data might be cached after the first epoch. Increase the size of dataset to eliminate the caching effect!!!
[OUTPUT] 2025-10-07T11:22:21.574360 Max steps per epoch: 2 = 1 * 64 / 4 / 6 (samples per file * num files / batch size / comm size)
[OUTPUT] 2025-10-07T11:22:21.574465 Steps per eval: 1 = 1 * 8 / 1 / 6 (samples per file * num files / batch size eval / comm size)
[OUTPUT] 2025-10-07T11:22:21.578793 Starting epoch 1: 2 steps expected
[OUTPUT] 2025-10-07T11:22:21.579004 Starting block 1
[OUTPUT] 2025-10-07T11:22:23.758357 Ending block 1 - 2 steps completed in 2.18 s
[OUTPUT] 2025-10-07T11:22:23.762607 Epoch 1 - Block 1 [Training] Accelerator Utilization [AU] (%): 99.9093
[OUTPUT] 2025-10-07T11:22:23.762693 Epoch 1 - Block 1 [Training] Throughput (samples/second): 0.0000
[OUTPUT] 2025-10-07T11:22:23.762746 Epoch 1 - Block 1 [Training] Computation time per step (second): 1.0010+/-0.0000 (set value: {'mean': 1.0})
[OUTPUT] 2025-10-07T11:22:23.763176 Ending epoch 1 - 2 steps completed in 2.18 s
[OUTPUT] 2025-10-07T11:22:23.763909 Starting eval - 1 steps expected
[OUTPUT] 2025-10-07T11:22:24.440120 Ending eval - 1 steps completed in 0.68 s
[OUTPUT] 2025-10-07T11:22:24.442134 Epoch 1 [Eval] Accelerator Utilization [AU] (%): 0.0000
[OUTPUT] 2025-10-07T11:22:24.442210 Epoch 1 [Eval] Throughput (samples/second): 8.8741
[OUTPUT] 2025-10-07T11:22:24.442804 Starting epoch 2: 2 steps expected
[OUTPUT] 2025-10-07T11:22:24.443080 Starting block 1
[OUTPUT] 2025-10-07T11:22:26.454650 Ending block 1 - 2 steps completed in 2.01 s
[OUTPUT] 2025-10-07T11:22:26.455474 Epoch 2 - Block 1 [Training] Accelerator Utilization [AU] (%): 99.6804
[OUTPUT] 2025-10-07T11:22:26.455542 Epoch 2 - Block 1 [Training] Throughput (samples/second): 0.0000
[OUTPUT] 2025-10-07T11:22:26.455591 Epoch 2 - Block 1 [Training] Computation time per step (second): 1.0010+/-0.0000 (set value: {'mean': 1.0})
[OUTPUT] 2025-10-07T11:22:26.455927 Ending epoch 2 - 2 steps completed in 2.01 s
[OUTPUT] 2025-10-07T11:22:26.456612 Starting eval - 1 steps expected
[OUTPUT] 2025-10-07T11:22:26.960990 Ending eval - 1 steps completed in 0.50 s
[OUTPUT] 2025-10-07T11:22:26.961763 Epoch 2 [Eval] Accelerator Utilization [AU] (%): 0.0000
[OUTPUT] 2025-10-07T11:22:26.961831 Epoch 2 [Eval] Throughput (samples/second): 11.8965
[OUTPUT] 2025-10-07T11:22:26.962142 Starting epoch 3: 2 steps expected
[OUTPUT] 2025-10-07T11:22:26.962335 Starting block 1
[OUTPUT] 2025-10-07T11:22:28.971995 Ending block 1 - 2 steps completed in 2.01 s
[OUTPUT] 2025-10-07T11:22:28.972769 Epoch 3 - Block 1 [Training] Accelerator Utilization [AU] (%): 99.8696
[OUTPUT] 2025-10-07T11:22:28.972834 Epoch 3 - Block 1 [Training] Throughput (samples/second): 0.0000
[OUTPUT] 2025-10-07T11:22:28.972880 Epoch 3 - Block 1 [Training] Computation time per step (second): 1.0010+/-0.0000 (set value: {'mean': 1.0})
[OUTPUT] 2025-10-07T11:22:28.973120 Ending epoch 3 - 2 steps completed in 2.01 s
[OUTPUT] 2025-10-07T11:22:28.973806 Starting eval - 1 steps expected
[OUTPUT] 2025-10-07T11:22:29.477957 Ending eval - 1 steps completed in 0.50 s
[OUTPUT] 2025-10-07T11:22:29.478706 Epoch 3 [Eval] Accelerator Utilization [AU] (%): 0.0000
[OUTPUT] 2025-10-07T11:22:29.478768 Epoch 3 [Eval] Throughput (samples/second): 11.9019
[OUTPUT] 2025-10-07T11:22:29.479051 Starting epoch 4: 2 steps expected
[OUTPUT] 2025-10-07T11:22:29.479256 Starting block 1
[OUTPUT] 2025-10-07T11:22:31.489316 Ending block 1 - 2 steps completed in 2.01 s
[OUTPUT] 2025-10-07T11:22:31.490089 Epoch 4 - Block 1 [Training] Accelerator Utilization [AU] (%): 99.8069
[OUTPUT] 2025-10-07T11:22:31.490160 Epoch 4 - Block 1 [Training] Throughput (samples/second): 0.0000
[OUTPUT] 2025-10-07T11:22:31.490213 Epoch 4 - Block 1 [Training] Computation time per step (second): 1.0010+/-0.0000 (set value: {'mean': 1.0})
[OUTPUT] 2025-10-07T11:22:31.490449 Ending epoch 4 - 2 steps completed in 2.01 s
[OUTPUT] 2025-10-07T11:22:31.491135 Starting eval - 1 steps expected
[OUTPUT] 2025-10-07T11:22:31.995075 Ending eval - 1 steps completed in 0.50 s
[OUTPUT] 2025-10-07T11:22:31.995833 Epoch 4 [Eval] Accelerator Utilization [AU] (%): 0.0000
[OUTPUT] 2025-10-07T11:22:31.995901 Epoch 4 [Eval] Throughput (samples/second): 11.9068
[OUTPUT] 2025-10-07T11:22:31.996191 Starting epoch 5: 2 steps expected
[OUTPUT] 2025-10-07T11:22:31.996386 Starting block 1
[OUTPUT] 2025-10-07T11:22:34.005896 Ending block 1 - 2 steps completed in 2.01 s
[OUTPUT] 2025-10-07T11:22:34.006697 Epoch 5 - Block 1 [Training] Accelerator Utilization [AU] (%): 99.8440
[OUTPUT] 2025-10-07T11:22:34.006767 Epoch 5 - Block 1 [Training] Throughput (samples/second): 0.0000
[OUTPUT] 2025-10-07T11:22:34.006819 Epoch 5 - Block 1 [Training] Computation time per step (second): 1.0010+/-0.0000 (set value: {'mean': 1.0})
[OUTPUT] 2025-10-07T11:22:34.007051 Ending epoch 5 - 2 steps completed in 2.01 s
[OUTPUT] 2025-10-07T11:22:34.007745 Starting eval - 1 steps expected
[OUTPUT] 2025-10-07T11:22:34.511797 Ending eval - 1 steps completed in 0.50 s
[OUTPUT] 2025-10-07T11:22:34.512540 Epoch 5 [Eval] Accelerator Utilization [AU] (%): 0.0000
[OUTPUT] 2025-10-07T11:22:34.512602 Epoch 5 [Eval] Throughput (samples/second): 11.9042
[OUTPUT] 2025-10-07T11:22:34.512896 Starting epoch 6: 2 steps expected
[OUTPUT] 2025-10-07T11:22:34.513091 Starting block 1
[OUTPUT] 2025-10-07T11:22:36.522889 Ending block 1 - 2 steps completed in 2.01 s
[OUTPUT] 2025-10-07T11:22:36.523724 Epoch 6 - Block 1 [Training] Accelerator Utilization [AU] (%): 99.8610
[OUTPUT] 2025-10-07T11:22:36.523793 Epoch 6 - Block 1 [Training] Throughput (samples/second): 0.0000
[OUTPUT] 2025-10-07T11:22:36.523842 Epoch 6 - Block 1 [Training] Computation time per step (second): 1.0010+/-0.0000 (set value: {'mean': 1.0})
[OUTPUT] 2025-10-07T11:22:36.524067 Ending epoch 6 - 2 steps completed in 2.01 s
[OUTPUT] 2025-10-07T11:22:36.524780 Starting eval - 1 steps expected
[OUTPUT] 2025-10-07T11:22:37.028795 Ending eval - 1 steps completed in 0.50 s
[OUTPUT] 2025-10-07T11:22:37.029544 Epoch 6 [Eval] Accelerator Utilization [AU] (%): 0.0000
[OUTPUT] 2025-10-07T11:22:37.029604 Epoch 6 [Eval] Throughput (samples/second): 11.9050
[OUTPUT] 2025-10-07T11:22:37.029891 Starting epoch 7: 2 steps expected
[OUTPUT] 2025-10-07T11:22:37.030080 Starting block 1
[OUTPUT] 2025-10-07T11:22:39.040166 Ending block 1 - 2 steps completed in 2.01 s
[OUTPUT] 2025-10-07T11:22:39.040980 Epoch 7 - Block 1 [Training] Accelerator Utilization [AU] (%): 99.8233
[OUTPUT] 2025-10-07T11:22:39.041052 Epoch 7 - Block 1 [Training] Throughput (samples/second): 0.0000
[OUTPUT] 2025-10-07T11:22:39.041104 Epoch 7 - Block 1 [Training] Computation time per step (second): 1.0010+/-0.0000 (set value: {'mean': 1.0})
[OUTPUT] 2025-10-07T11:22:39.041332 Ending epoch 7 - 2 steps completed in 2.01 s
[OUTPUT] 2025-10-07T11:22:39.042025 Starting eval - 1 steps expected
[OUTPUT] 2025-10-07T11:22:39.546063 Ending eval - 1 steps completed in 0.50 s
[OUTPUT] 2025-10-07T11:22:39.546799 Epoch 7 [Eval] Accelerator Utilization [AU] (%): 0.0000
[OUTPUT] 2025-10-07T11:22:39.546863 Epoch 7 [Eval] Throughput (samples/second): 11.9045
[OUTPUT] 2025-10-07T11:22:39.547147 Starting epoch 8: 2 steps expected
[OUTPUT] 2025-10-07T11:22:39.547341 Starting block 1
[OUTPUT] 2025-10-07T11:22:41.556708 Ending block 1 - 2 steps completed in 2.01 s
[OUTPUT] 2025-10-07T11:22:41.557472 Epoch 8 - Block 1 [Training] Accelerator Utilization [AU] (%): 99.9080
[OUTPUT] 2025-10-07T11:22:41.557540 Epoch 8 - Block 1 [Training] Throughput (samples/second): 0.0000
[OUTPUT] 2025-10-07T11:22:41.557591 Epoch 8 - Block 1 [Training] Computation time per step (second): 1.0010+/-0.0000 (set value: {'mean': 1.0})
[OUTPUT] 2025-10-07T11:22:41.557821 Ending epoch 8 - 2 steps completed in 2.01 s
[OUTPUT] 2025-10-07T11:22:41.558513 Starting eval - 1 steps expected
[OUTPUT] 2025-10-07T11:22:42.062572 Ending eval - 1 steps completed in 0.50 s
[OUTPUT] 2025-10-07T11:22:42.063318 Epoch 8 [Eval] Accelerator Utilization [AU] (%): 0.0000
[OUTPUT] 2025-10-07T11:22:42.063384 Epoch 8 [Eval] Throughput (samples/second): 11.9040
[OUTPUT] 2025-10-07T11:22:42.063674 Starting epoch 9: 2 steps expected
[OUTPUT] 2025-10-07T11:22:42.063869 Starting block 1
[OUTPUT] 2025-10-07T11:22:44.072954 Ending block 1 - 2 steps completed in 2.01 s
[OUTPUT] 2025-10-07T11:22:44.073727 Epoch 9 - Block 1 [Training] Accelerator Utilization [AU] (%): 99.8971
[OUTPUT] 2025-10-07T11:22:44.073793 Epoch 9 - Block 1 [Training] Throughput (samples/second): 0.0000
[OUTPUT] 2025-10-07T11:22:44.073842 Epoch 9 - Block 1 [Training] Computation time per step (second): 1.0010+/-0.0000 (set value: {'mean': 1.0})
[OUTPUT] 2025-10-07T11:22:44.074073 Ending epoch 9 - 2 steps completed in 2.01 s
[OUTPUT] 2025-10-07T11:22:44.074802 Starting eval - 1 steps expected
[OUTPUT] 2025-10-07T11:22:44.578852 Ending eval - 1 steps completed in 0.50 s
[OUTPUT] 2025-10-07T11:22:44.579599 Epoch 9 [Eval] Accelerator Utilization [AU] (%): 0.0000
[OUTPUT] 2025-10-07T11:22:44.579663 Epoch 9 [Eval] Throughput (samples/second): 11.9042
[OUTPUT] 2025-10-07T11:22:44.579959 Starting epoch 10: 2 steps expected
[OUTPUT] 2025-10-07T11:22:44.580151 Starting block 1
[OUTPUT] 2025-10-07T11:22:46.589603 Ending block 1 - 2 steps completed in 2.01 s
[OUTPUT] 2025-10-07T11:22:46.590444 Epoch 10 - Block 1 [Training] Accelerator Utilization [AU] (%): 99.8816
[OUTPUT] 2025-10-07T11:22:46.590514 Epoch 10 - Block 1 [Training] Throughput (samples/second): 0.0000
[OUTPUT] 2025-10-07T11:22:46.590564 Epoch 10 - Block 1 [Training] Computation time per step (second): 1.0010+/-0.0000 (set value: {'mean': 1.0})
[OUTPUT] 2025-10-07T11:22:46.590786 Ending epoch 10 - 2 steps completed in 2.01 s
[OUTPUT] 2025-10-07T11:22:46.591472 Starting eval - 1 steps expected
[OUTPUT] 2025-10-07T11:22:47.095505 Ending eval - 1 steps completed in 0.50 s
[OUTPUT] 2025-10-07T11:22:47.096258 Epoch 10 [Eval] Accelerator Utilization [AU] (%): 0.0000
[OUTPUT] 2025-10-07T11:22:47.096323 Epoch 10 [Eval] Throughput (samples/second): 11.9046
[OUTPUT] 2025-10-07T11:22:47.097308 Saved outputs in /scratch/mhm/pablo.hugen2/perf_2025/dlio_data/hydra_log/default_custom/2025-10-07-11-22-17
[OUTPUT] Averaged metric over all steps/epochs
[METRIC] ==========================================================
[METRIC] Number of Simulated Accelerators: 6 
[METRIC] Training Accelerator Utilization [AU] (%): 99.8766 (0.0403)
[METRIC] Training Throughput (samples/second): 0.0000 (0.0000)
[METRIC] Training I/O Throughput (MB/second): 0.0000 (0.0000)
[METRIC] train_au_meet_expectation: success
[METRIC] Eval Accelerator Utilization [AU] (%): 0.0000 (0.0000)
[METRIC] Eval Throughput (samples/second): 1.288984 (0.919729)
[METRIC] Eval Throughput (MB/second): 0.005035 (0.003593)
[METRIC] eval_au_meet_expectation: fail
[METRIC] ==========================================================

[OUTPUT] 2025-10-07T11:22:47.103605 outputs saved in RANKID_output.json
