[OUTPUT] 2025-10-07T11:20:21.143611 Running DLIO [Training & Evaluation] with 4 process(es)
[WARNING] The amount of dataset is smaller than the host memory; data might be cached after the first epoch. Increase the size of dataset to eliminate the caching effect!!!
[OUTPUT] 2025-10-07T11:20:21.155132 Max steps per epoch: 4 = 1 * 64 / 4 / 4 (samples per file * num files / batch size / comm size)
[OUTPUT] 2025-10-07T11:20:21.155243 Steps per eval: 2 = 1 * 8 / 1 / 4 (samples per file * num files / batch size eval / comm size)
[OUTPUT] 2025-10-07T11:20:21.157960 Starting epoch 1: 4 steps expected
[OUTPUT] 2025-10-07T11:20:21.158163 Starting block 1
[OUTPUT] 2025-10-07T11:20:25.361449 Ending block 1 - 4 steps completed in 4.20 s
[OUTPUT] 2025-10-07T11:20:25.365589 Epoch 1 - Block 1 [Training] Accelerator Utilization [AU] (%): 99.9297
[OUTPUT] 2025-10-07T11:20:25.365666 Epoch 1 - Block 1 [Training] Throughput (samples/second): 10.6483
[OUTPUT] 2025-10-07T11:20:25.365713 Epoch 1 - Block 1 [Training] Computation time per step (second): 1.0010+/-0.0000 (set value: {'mean': 1.0})
[OUTPUT] 2025-10-07T11:20:25.366171 Ending epoch 1 - 4 steps completed in 4.21 s
[OUTPUT] 2025-10-07T11:20:25.366909 Starting eval - 2 steps expected
[OUTPUT] 2025-10-07T11:20:26.457623 Ending eval - 2 steps completed in 1.09 s
[OUTPUT] 2025-10-07T11:20:26.459667 Epoch 1 [Eval] Accelerator Utilization [AU] (%): 99.8549
[OUTPUT] 2025-10-07T11:20:26.459744 Epoch 1 [Eval] Throughput (samples/second): 7.3353
[OUTPUT] 2025-10-07T11:20:26.461544 Starting epoch 2: 4 steps expected
[OUTPUT] 2025-10-07T11:20:26.461795 Starting block 1
[OUTPUT] 2025-10-07T11:20:30.475820 Ending block 1 - 4 steps completed in 4.01 s
[OUTPUT] 2025-10-07T11:20:30.476642 Epoch 2 - Block 1 [Training] Accelerator Utilization [AU] (%): 99.9235
[OUTPUT] 2025-10-07T11:20:30.476705 Epoch 2 - Block 1 [Training] Throughput (samples/second): 10.6477
[OUTPUT] 2025-10-07T11:20:30.476751 Epoch 2 - Block 1 [Training] Computation time per step (second): 1.0010+/-0.0000 (set value: {'mean': 1.0})
[OUTPUT] 2025-10-07T11:20:30.477099 Ending epoch 2 - 4 steps completed in 4.02 s
[OUTPUT] 2025-10-07T11:20:30.477781 Starting eval - 2 steps expected
[OUTPUT] 2025-10-07T11:20:31.482667 Ending eval - 2 steps completed in 1.00 s
[OUTPUT] 2025-10-07T11:20:31.483419 Epoch 2 [Eval] Accelerator Utilization [AU] (%): 99.8768
[OUTPUT] 2025-10-07T11:20:31.483479 Epoch 2 [Eval] Throughput (samples/second): 7.9614
[OUTPUT] 2025-10-07T11:20:31.483787 Starting epoch 3: 4 steps expected
[OUTPUT] 2025-10-07T11:20:31.483980 Starting block 1
[OUTPUT] 2025-10-07T11:20:35.494498 Ending block 1 - 4 steps completed in 4.01 s
[OUTPUT] 2025-10-07T11:20:35.495288 Epoch 3 - Block 1 [Training] Accelerator Utilization [AU] (%): 99.9306
[OUTPUT] 2025-10-07T11:20:35.495352 Epoch 3 - Block 1 [Training] Throughput (samples/second): 10.6485
[OUTPUT] 2025-10-07T11:20:35.495402 Epoch 3 - Block 1 [Training] Computation time per step (second): 1.0010+/-0.0000 (set value: {'mean': 1.0})
[OUTPUT] 2025-10-07T11:20:35.495632 Ending epoch 3 - 4 steps completed in 4.01 s
[OUTPUT] 2025-10-07T11:20:35.496322 Starting eval - 2 steps expected
[OUTPUT] 2025-10-07T11:20:36.501052 Ending eval - 2 steps completed in 1.00 s
[OUTPUT] 2025-10-07T11:20:36.501799 Epoch 3 [Eval] Accelerator Utilization [AU] (%): 99.8811
[OUTPUT] 2025-10-07T11:20:36.501856 Epoch 3 [Eval] Throughput (samples/second): 7.9626
[OUTPUT] 2025-10-07T11:20:36.502150 Starting epoch 4: 4 steps expected
[OUTPUT] 2025-10-07T11:20:36.502347 Starting block 1
[OUTPUT] 2025-10-07T11:20:40.512814 Ending block 1 - 4 steps completed in 4.01 s
[OUTPUT] 2025-10-07T11:20:40.513597 Epoch 4 - Block 1 [Training] Accelerator Utilization [AU] (%): 99.9393
[OUTPUT] 2025-10-07T11:20:40.513657 Epoch 4 - Block 1 [Training] Throughput (samples/second): 10.6494
[OUTPUT] 2025-10-07T11:20:40.513699 Epoch 4 - Block 1 [Training] Computation time per step (second): 1.0010+/-0.0000 (set value: {'mean': 1.0})
[OUTPUT] 2025-10-07T11:20:40.513907 Ending epoch 4 - 4 steps completed in 4.01 s
[OUTPUT] 2025-10-07T11:20:40.514605 Starting eval - 2 steps expected
[OUTPUT] 2025-10-07T11:20:41.519380 Ending eval - 2 steps completed in 1.00 s
[OUTPUT] 2025-10-07T11:20:41.520125 Epoch 4 [Eval] Accelerator Utilization [AU] (%): 99.8798
[OUTPUT] 2025-10-07T11:20:41.520182 Epoch 4 [Eval] Throughput (samples/second): 7.9623
[OUTPUT] 2025-10-07T11:20:41.520471 Starting epoch 5: 4 steps expected
[OUTPUT] 2025-10-07T11:20:41.520659 Starting block 1
[OUTPUT] 2025-10-07T11:20:45.530959 Ending block 1 - 4 steps completed in 4.01 s
[OUTPUT] 2025-10-07T11:20:45.531718 Epoch 5 - Block 1 [Training] Accelerator Utilization [AU] (%): 99.9403
[OUTPUT] 2025-10-07T11:20:45.531777 Epoch 5 - Block 1 [Training] Throughput (samples/second): 10.6495
[OUTPUT] 2025-10-07T11:20:45.531819 Epoch 5 - Block 1 [Training] Computation time per step (second): 1.0010+/-0.0000 (set value: {'mean': 1.0})
[OUTPUT] 2025-10-07T11:20:45.532045 Ending epoch 5 - 4 steps completed in 4.01 s
[OUTPUT] 2025-10-07T11:20:45.532729 Starting eval - 2 steps expected
[OUTPUT] 2025-10-07T11:20:46.537502 Ending eval - 2 steps completed in 1.00 s
[OUTPUT] 2025-10-07T11:20:46.538239 Epoch 5 [Eval] Accelerator Utilization [AU] (%): 99.8771
[OUTPUT] 2025-10-07T11:20:46.538299 Epoch 5 [Eval] Throughput (samples/second): 7.9623
[OUTPUT] 2025-10-07T11:20:46.538591 Starting epoch 6: 4 steps expected
[OUTPUT] 2025-10-07T11:20:46.538778 Starting block 1
[OUTPUT] 2025-10-07T11:20:50.549252 Ending block 1 - 4 steps completed in 4.01 s
[OUTPUT] 2025-10-07T11:20:50.550016 Epoch 6 - Block 1 [Training] Accelerator Utilization [AU] (%): 99.9406
[OUTPUT] 2025-10-07T11:20:50.550080 Epoch 6 - Block 1 [Training] Throughput (samples/second): 10.6495
[OUTPUT] 2025-10-07T11:20:50.550126 Epoch 6 - Block 1 [Training] Computation time per step (second): 1.0010+/-0.0000 (set value: {'mean': 1.0})
[OUTPUT] 2025-10-07T11:20:50.550339 Ending epoch 6 - 4 steps completed in 4.01 s
[OUTPUT] 2025-10-07T11:20:50.551015 Starting eval - 2 steps expected
[OUTPUT] 2025-10-07T11:20:51.555724 Ending eval - 2 steps completed in 1.00 s
[OUTPUT] 2025-10-07T11:20:51.556466 Epoch 6 [Eval] Accelerator Utilization [AU] (%): 99.8821
[OUTPUT] 2025-10-07T11:20:51.556527 Epoch 6 [Eval] Throughput (samples/second): 7.9628
[OUTPUT] 2025-10-07T11:20:51.556817 Starting epoch 7: 4 steps expected
[OUTPUT] 2025-10-07T11:20:51.557007 Starting block 1
[OUTPUT] 2025-10-07T11:20:55.567451 Ending block 1 - 4 steps completed in 4.01 s
[OUTPUT] 2025-10-07T11:20:55.568218 Epoch 7 - Block 1 [Training] Accelerator Utilization [AU] (%): 99.9399
[OUTPUT] 2025-10-07T11:20:55.568281 Epoch 7 - Block 1 [Training] Throughput (samples/second): 10.6494
[OUTPUT] 2025-10-07T11:20:55.568329 Epoch 7 - Block 1 [Training] Computation time per step (second): 1.0010+/-0.0000 (set value: {'mean': 1.0})
[OUTPUT] 2025-10-07T11:20:55.568552 Ending epoch 7 - 4 steps completed in 4.01 s
[OUTPUT] 2025-10-07T11:20:55.569236 Starting eval - 2 steps expected
[OUTPUT] 2025-10-07T11:20:56.573971 Ending eval - 2 steps completed in 1.00 s
[OUTPUT] 2025-10-07T11:20:56.574730 Epoch 7 [Eval] Accelerator Utilization [AU] (%): 99.8778
[OUTPUT] 2025-10-07T11:20:56.574791 Epoch 7 [Eval] Throughput (samples/second): 7.9626
[OUTPUT] 2025-10-07T11:20:56.575084 Starting epoch 8: 4 steps expected
[OUTPUT] 2025-10-07T11:20:56.575274 Starting block 1
[OUTPUT] 2025-10-07T11:21:00.585808 Ending block 1 - 4 steps completed in 4.01 s
[OUTPUT] 2025-10-07T11:21:00.586709 Epoch 8 - Block 1 [Training] Accelerator Utilization [AU] (%): 99.9338
[OUTPUT] 2025-10-07T11:21:00.586758 Epoch 8 - Block 1 [Training] Throughput (samples/second): 10.6488
[OUTPUT] 2025-10-07T11:21:00.586797 Epoch 8 - Block 1 [Training] Computation time per step (second): 1.0010+/-0.0000 (set value: {'mean': 1.0})
[OUTPUT] 2025-10-07T11:21:00.587028 Ending epoch 8 - 4 steps completed in 4.01 s
[OUTPUT] 2025-10-07T11:21:00.587712 Starting eval - 2 steps expected
[OUTPUT] 2025-10-07T11:21:01.592407 Ending eval - 2 steps completed in 1.00 s
[OUTPUT] 2025-10-07T11:21:01.593161 Epoch 8 [Eval] Accelerator Utilization [AU] (%): 99.8837
[OUTPUT] 2025-10-07T11:21:01.593222 Epoch 8 [Eval] Throughput (samples/second): 7.9629
[OUTPUT] 2025-10-07T11:21:01.593535 Starting epoch 9: 4 steps expected
[OUTPUT] 2025-10-07T11:21:01.593725 Starting block 1
[OUTPUT] 2025-10-07T11:21:05.604221 Ending block 1 - 4 steps completed in 4.01 s
[OUTPUT] 2025-10-07T11:21:05.605008 Epoch 9 - Block 1 [Training] Accelerator Utilization [AU] (%): 99.9389
[OUTPUT] 2025-10-07T11:21:05.605067 Epoch 9 - Block 1 [Training] Throughput (samples/second): 10.6493
[OUTPUT] 2025-10-07T11:21:05.605108 Epoch 9 - Block 1 [Training] Computation time per step (second): 1.0010+/-0.0000 (set value: {'mean': 1.0})
[OUTPUT] 2025-10-07T11:21:05.605325 Ending epoch 9 - 4 steps completed in 4.01 s
[OUTPUT] 2025-10-07T11:21:05.606013 Starting eval - 2 steps expected
[OUTPUT] 2025-10-07T11:21:06.610686 Ending eval - 2 steps completed in 1.00 s
[OUTPUT] 2025-10-07T11:21:06.611430 Epoch 9 [Eval] Accelerator Utilization [AU] (%): 99.8824
[OUTPUT] 2025-10-07T11:21:06.611492 Epoch 9 [Eval] Throughput (samples/second): 7.9631
[OUTPUT] 2025-10-07T11:21:06.611790 Starting epoch 10: 4 steps expected
[OUTPUT] 2025-10-07T11:21:06.611980 Starting block 1
[OUTPUT] 2025-10-07T11:21:10.622476 Ending block 1 - 4 steps completed in 4.01 s
[OUTPUT] 2025-10-07T11:21:10.623286 Epoch 10 - Block 1 [Training] Accelerator Utilization [AU] (%): 99.9396
[OUTPUT] 2025-10-07T11:21:10.623349 Epoch 10 - Block 1 [Training] Throughput (samples/second): 10.6494
[OUTPUT] 2025-10-07T11:21:10.623393 Epoch 10 - Block 1 [Training] Computation time per step (second): 1.0010+/-0.0000 (set value: {'mean': 1.0})
[OUTPUT] 2025-10-07T11:21:10.623610 Ending epoch 10 - 4 steps completed in 4.01 s
[OUTPUT] 2025-10-07T11:21:10.624289 Starting eval - 2 steps expected
[OUTPUT] 2025-10-07T11:21:11.628811 Ending eval - 2 steps completed in 1.00 s
[OUTPUT] 2025-10-07T11:21:11.629557 Epoch 10 [Eval] Accelerator Utilization [AU] (%): 99.8858
[OUTPUT] 2025-10-07T11:21:11.629616 Epoch 10 [Eval] Throughput (samples/second): 7.9643
[OUTPUT] 2025-10-07T11:21:11.632986 Saved outputs in /scratch/mhm/pablo.hugen2/perf_2025/dlio_data/hydra_log/default_custom/2025-10-07-11-20-17
[OUTPUT] Averaged metric over all steps/epochs
[METRIC] ==========================================================
[METRIC] Number of Simulated Accelerators: 4 
[METRIC] Training Accelerator Utilization [AU] (%): 99.9350 (0.0080)
[METRIC] Training Throughput (samples/second): 10.6490 (0.0009)
[METRIC] Training I/O Throughput (MB/second): 0.0416 (0.0000)
[METRIC] train_au_meet_expectation: success
[METRIC] Eval Accelerator Utilization [AU] (%): 24.9730 (0.0029)
[METRIC] Eval Throughput (samples/second): 1.974701 (0.047137)
[METRIC] Eval Throughput (MB/second): 0.007714 (0.000184)
[METRIC] eval_au_meet_expectation: fail
[METRIC] ==========================================================

[OUTPUT] 2025-10-07T11:21:11.638706 outputs saved in RANKID_output.json
