[OUTPUT] 2025-11-30T18:40:40.603339 Running DLIO [Training & Evaluation & Checkpointing] with 4 process(es)
[OUTPUT] 2025-11-30T18:40:40.615539 Model size: 0.000010 GB 
[OUTPUT] 2025-11-30T18:40:40.615662 Total checkpoint size: 0.000010 GB 
[OUTPUT] 2025-11-30T18:40:40.615744 Max steps per epoch: 6 = 1 * 168 / 7 / 4 (samples per file * num files / batch size / comm size)
[OUTPUT] 2025-11-30T18:40:40.615807 Steps per eval: 0 = 1 * 0 / 1 / 4 (samples per file * num files / batch size eval / comm size)
[OUTPUT] 2025-11-30T18:40:40.619488 Starting epoch 1: 6 steps expected
[OUTPUT] 2025-11-30T18:40:40.619698 Starting block 1
[OUTPUT] 2025-11-30T18:40:49.609726 Ending block 1 - 6 steps completed in 8.99 s
[OUTPUT] 2025-11-30T18:40:49.614158 Epoch 1 - Block 1 [Training] Accelerator Utilization [AU] (%): 99.5679
[OUTPUT] 2025-11-30T18:40:49.614238 Epoch 1 - Block 1 [Training] Throughput (samples/second): 68.9792
[OUTPUT] 2025-11-30T18:40:49.614287 Epoch 1 - Block 1 [Training] Computation time per step (second): 0.3233+/-0.0000 (set value: {'mean': 0.323})
[OUTPUT] 2025-11-30T18:40:49.614885 Ending epoch 1 - 6 steps completed in 9.00 s
[OUTPUT] 2025-11-30T18:40:49.615626 Starting eval - 0 steps expected
[OUTPUT] 2025-11-30T18:40:49.779084 Ending eval - 0 steps completed in 0.16 s
[OUTPUT] 2025-11-30T18:40:49.812234 Epoch 1 [Eval] Accelerator Utilization [AU] (%): 0.0000
[OUTPUT] 2025-11-30T18:40:49.812345 Epoch 1 [Eval] Throughput (samples/second): 0.0000
[OUTPUT] 2025-11-30T18:40:49.857213 Starting epoch 2: 6 steps expected
[OUTPUT] 2025-11-30T18:40:49.859277 Starting block 1
[OUTPUT] 2025-11-30T18:40:58.560543 Ending block 1 - 6 steps completed in 8.70 s
[OUTPUT] 2025-11-30T18:40:58.561870 Epoch 2 - Block 1 [Training] Accelerator Utilization [AU] (%): 99.6838
[OUTPUT] 2025-11-30T18:40:58.561941 Epoch 2 - Block 1 [Training] Throughput (samples/second): 69.0593
[OUTPUT] 2025-11-30T18:40:58.561989 Epoch 2 - Block 1 [Training] Computation time per step (second): 0.3233+/-0.0000 (set value: {'mean': 0.323})
[OUTPUT] 2025-11-30T18:40:58.562503 Ending epoch 2 - 6 steps completed in 8.71 s
[OUTPUT] 2025-11-30T18:40:58.563207 Starting eval - 0 steps expected
[OUTPUT] 2025-11-30T18:40:58.568963 Ending eval - 0 steps completed in 0.01 s
[OUTPUT] 2025-11-30T18:40:58.569713 Epoch 2 [Eval] Accelerator Utilization [AU] (%): 0.0000
[OUTPUT] 2025-11-30T18:40:58.569772 Epoch 2 [Eval] Throughput (samples/second): 0.0000
[OUTPUT] 2025-11-30T18:40:58.570196 Starting epoch 3: 6 steps expected
[OUTPUT] 2025-11-30T18:40:58.570432 Starting block 1
[OUTPUT] 2025-11-30T18:41:07.225079 Ending block 1 - 6 steps completed in 8.65 s
[OUTPUT] 2025-11-30T18:41:07.226367 Epoch 3 - Block 1 [Training] Accelerator Utilization [AU] (%): 99.7053
[OUTPUT] 2025-11-30T18:41:07.226437 Epoch 3 - Block 1 [Training] Throughput (samples/second): 69.0741
[OUTPUT] 2025-11-30T18:41:07.226484 Epoch 3 - Block 1 [Training] Computation time per step (second): 0.3233+/-0.0000 (set value: {'mean': 0.323})
[OUTPUT] 2025-11-30T18:41:07.226936 Ending epoch 3 - 6 steps completed in 8.66 s
[OUTPUT] 2025-11-30T18:41:07.227620 Starting eval - 0 steps expected
[OUTPUT] 2025-11-30T18:41:07.230041 Ending eval - 0 steps completed in 0.00 s
[OUTPUT] 2025-11-30T18:41:07.230748 Epoch 3 [Eval] Accelerator Utilization [AU] (%): 0.0000
[OUTPUT] 2025-11-30T18:41:07.230801 Epoch 3 [Eval] Throughput (samples/second): 0.0000
[OUTPUT] 2025-11-30T18:41:07.231211 Starting epoch 4: 6 steps expected
[OUTPUT] 2025-11-30T18:41:07.231471 Starting block 1
[OUTPUT] 2025-11-30T18:41:15.872658 Ending block 1 - 6 steps completed in 8.64 s
[OUTPUT] 2025-11-30T18:41:15.874013 Epoch 4 - Block 1 [Training] Accelerator Utilization [AU] (%): 99.7076
[OUTPUT] 2025-11-30T18:41:15.874088 Epoch 4 - Block 1 [Training] Throughput (samples/second): 69.0758
[OUTPUT] 2025-11-30T18:41:15.874136 Epoch 4 - Block 1 [Training] Computation time per step (second): 0.3233+/-0.0000 (set value: {'mean': 0.323})
[OUTPUT] 2025-11-30T18:41:15.874545 Ending epoch 4 - 6 steps completed in 8.64 s
[OUTPUT] 2025-11-30T18:41:15.875235 Starting eval - 0 steps expected
[OUTPUT] 2025-11-30T18:41:15.877756 Ending eval - 0 steps completed in 0.00 s
[OUTPUT] 2025-11-30T18:41:15.878476 Epoch 4 [Eval] Accelerator Utilization [AU] (%): 0.0000
[OUTPUT] 2025-11-30T18:41:15.878535 Epoch 4 [Eval] Throughput (samples/second): 0.0000
[OUTPUT] 2025-11-30T18:41:15.878955 Starting epoch 5: 6 steps expected
[OUTPUT] 2025-11-30T18:41:15.879198 Starting block 1
[OUTPUT] 2025-11-30T18:41:24.525058 Ending block 1 - 6 steps completed in 8.65 s
[OUTPUT] 2025-11-30T18:41:24.526327 Epoch 5 - Block 1 [Training] Accelerator Utilization [AU] (%): 99.7058
[OUTPUT] 2025-11-30T18:41:24.526397 Epoch 5 - Block 1 [Training] Throughput (samples/second): 69.0747
[OUTPUT] 2025-11-30T18:41:24.526446 Epoch 5 - Block 1 [Training] Computation time per step (second): 0.3233+/-0.0000 (set value: {'mean': 0.323})
[OUTPUT] 2025-11-30T18:41:24.526687 Starting saving checkpoint 1 after total step 6 for epoch 5
[OUTPUT] 2025-11-30T18:41:24.533039 Finished saving checkpoint 1 for epoch 5 in 0.0064 s; Throughput: 0.0015 GB/s
[OUTPUT] 2025-11-30T18:41:24.533940 Ending epoch 5 - 6 steps completed in 8.65 s
[OUTPUT] 2025-11-30T18:41:24.534607 Starting eval - 0 steps expected
[OUTPUT] 2025-11-30T18:41:24.536917 Ending eval - 0 steps completed in 0.00 s
[OUTPUT] 2025-11-30T18:41:24.537618 Epoch 5 [Eval] Accelerator Utilization [AU] (%): 0.0000
[OUTPUT] 2025-11-30T18:41:24.537675 Epoch 5 [Eval] Throughput (samples/second): 0.0000
[OUTPUT] 2025-11-30T18:41:24.538807 Saved outputs in /scratch/mhm/pablo.hugen2/perf_2025/dlio_data_146062/hydra_log/unet3d_h100_custom/2025-11-30-18-40-37
[OUTPUT] Averaged metric over all steps/epochs
[METRIC] ==========================================================
[METRIC] Number of Simulated Accelerators: 4 
[METRIC] Training Accelerator Utilization [AU] (%): 80.8742 (0.6495)
[METRIC] Training Throughput (samples/second): 56.0283 (0.4500)
[METRIC] Training I/O Throughput (MB/second): 7833.2799 (62.9093)
[METRIC] train_au_meet_expectation: fail
[METRIC] Eval Accelerator Utilization [AU] (%): 0.0000 (0.0000)
[METRIC] Eval Throughput (samples/second): 0.000000 (0.000000)
[METRIC] Eval Throughput (MB/second): 0.000000 (0.000000)
[METRIC] eval_au_meet_expectation: fail
[METRIC] ==========================================================

[OUTPUT] 2025-11-30T18:41:24.543936 outputs saved in RANKID_output.json
