[OUTPUT] 2025-10-06T01:26:07.484369 Running DLIO [Training & Evaluation] with 4 process(es)
[WARNING] The amount of dataset is smaller than the host memory; data might be cached after the first epoch. Increase the size of dataset to eliminate the caching effect!!!
[OUTPUT] 2025-10-06T01:26:08.401827 Max steps per epoch: 256 = 1024 * 1 / 1 / 4 (samples per file * num files / batch size / comm size)
[OUTPUT] 2025-10-06T01:26:08.402142 Steps per eval: 256 = 1024 * 1 / 1 / 4 (samples per file * num files / batch size eval / comm size)
[OUTPUT] 2025-10-06T01:26:08.646331 Starting epoch 1: 256 steps expected
[OUTPUT] 2025-10-06T01:26:08.646717 Starting block 1
[OUTPUT] 2025-10-06T01:31:26.710536 Ending block 1 - 256 steps completed in 318.06 s
[OUTPUT] 2025-10-06T01:31:26.714922 Epoch 1 - Block 1 [Training] Accelerator Utilization [AU] (%): 5.2064
[OUTPUT] 2025-10-06T01:31:26.715012 Epoch 1 - Block 1 [Training] Throughput (samples/second): 3.2148
[OUTPUT] 2025-10-06T01:31:26.715055 Epoch 1 - Block 1 [Training] Computation time per step (second): 0.0645+/-0.0012 (set value: {'mean': 0.064296})
[OUTPUT] 2025-10-06T01:31:26.781983 Ending epoch 1 - 256 steps completed in 318.14 s
[OUTPUT] 2025-10-06T01:31:26.782841 Starting eval - 256 steps expected
[OUTPUT] 2025-10-06T01:37:35.864491 Ending eval - 256 steps completed in 369.08 s
[OUTPUT] 2025-10-06T01:37:35.868181 Epoch 1 [Eval] Accelerator Utilization [AU] (%): 0.0009
[OUTPUT] 2025-10-06T01:37:35.868291 Epoch 1 [Eval] Throughput (samples/second): 2.7745
[OUTPUT] 2025-10-06T01:37:35.871025 Starting epoch 2: 256 steps expected
[OUTPUT] 2025-10-06T01:37:35.871370 Starting block 1
[OUTPUT] 2025-10-06T01:42:49.509245 Ending block 1 - 256 steps completed in 313.64 s
[OUTPUT] 2025-10-06T01:42:49.510924 Epoch 2 - Block 1 [Training] Accelerator Utilization [AU] (%): 5.2721
[OUTPUT] 2025-10-06T01:42:49.510998 Epoch 2 - Block 1 [Training] Throughput (samples/second): 3.2614
[OUTPUT] 2025-10-06T01:42:49.511040 Epoch 2 - Block 1 [Training] Computation time per step (second): 0.0644+/-0.0000 (set value: {'mean': 0.064296})
[OUTPUT] 2025-10-06T01:42:49.681983 Ending epoch 2 - 256 steps completed in 313.81 s
[OUTPUT] 2025-10-06T01:42:49.683431 Starting eval - 256 steps expected
[OUTPUT] 2025-10-06T01:49:07.144575 Ending eval - 256 steps completed in 377.46 s
[OUTPUT] 2025-10-06T01:49:07.146471 Epoch 2 [Eval] Accelerator Utilization [AU] (%): 0.0009
[OUTPUT] 2025-10-06T01:49:07.146576 Epoch 2 [Eval] Throughput (samples/second): 2.7129
[OUTPUT] 2025-10-06T01:49:07.218537 Saved outputs in /scratch/mhm/pablo.hugen2/perf_2025/dlio_data/hydra_log/dlrm_custom/2025-10-06-01-25-58
[OUTPUT] Averaged metric over all steps/epochs
[METRIC] ==========================================================
[METRIC] Number of Simulated Accelerators: 4 
[METRIC] Training Accelerator Utilization [AU] (%): 5.2389 (0.0350)
[METRIC] Training Throughput (samples/second): 3.2387 (0.0230)
[METRIC] Training I/O Throughput (MB/second): 2072.7369 (14.7129)
[METRIC] train_au_meet_expectation: fail
[METRIC] Eval Accelerator Utilization [AU] (%): 0.0002 (0.0000)
[METRIC] Eval Throughput (samples/second): 0.694180 (0.011925)
[METRIC] Eval Throughput (MB/second): 444.275071 (7.632023)
[METRIC] eval_au_meet_expectation: fail
[METRIC] ==========================================================

[OUTPUT] 2025-10-06T01:49:07.324389 outputs saved in RANKID_output.json
