[OUTPUT] 2025-11-30T18:38:53.245785 Running DLIO [Training & Evaluation & Checkpointing] with 4 process(es)
[OUTPUT] 2025-11-30T18:38:53.258170 Model size: 0.000010 GB 
[OUTPUT] 2025-11-30T18:38:53.258296 Total checkpoint size: 0.000010 GB 
[OUTPUT] 2025-11-30T18:38:53.258382 Max steps per epoch: 3 = 1 * 168 / 14 / 4 (samples per file * num files / batch size / comm size)
[OUTPUT] 2025-11-30T18:38:53.258448 Steps per eval: 0 = 1 * 0 / 1 / 4 (samples per file * num files / batch size eval / comm size)
[OUTPUT] 2025-11-30T18:38:53.261936 Starting epoch 1: 3 steps expected
[OUTPUT] 2025-11-30T18:38:53.262150 Starting block 1
[OUTPUT] 2025-11-30T18:39:01.269408 Ending block 1 - 3 steps completed in 8.01 s
[OUTPUT] 2025-11-30T18:39:01.274019 Epoch 1 - Block 1 [Training] Accelerator Utilization [AU] (%): 99.6043
[OUTPUT] 2025-11-30T18:39:01.274100 Epoch 1 - Block 1 [Training] Throughput (samples/second): 86.2560
[OUTPUT] 2025-11-30T18:39:01.274149 Epoch 1 - Block 1 [Training] Computation time per step (second): 0.3233+/-0.0000 (set value: {'mean': 0.323})
[OUTPUT] 2025-11-30T18:39:01.274866 Ending epoch 1 - 3 steps completed in 8.01 s
[OUTPUT] 2025-11-30T18:39:01.275604 Starting eval - 0 steps expected
[OUTPUT] 2025-11-30T18:39:01.298088 Ending eval - 0 steps completed in 0.02 s
[OUTPUT] 2025-11-30T18:39:01.300582 Epoch 1 [Eval] Accelerator Utilization [AU] (%): 0.0000
[OUTPUT] 2025-11-30T18:39:01.300656 Epoch 1 [Eval] Throughput (samples/second): 0.0000
[OUTPUT] 2025-11-30T18:39:01.385623 Starting epoch 2: 3 steps expected
[OUTPUT] 2025-11-30T18:39:01.386071 Starting block 1
[OUTPUT] 2025-11-30T18:39:09.184484 Ending block 1 - 3 steps completed in 7.80 s
[OUTPUT] 2025-11-30T18:39:09.185770 Epoch 2 - Block 1 [Training] Accelerator Utilization [AU] (%): 99.6608
[OUTPUT] 2025-11-30T18:39:09.185835 Epoch 2 - Block 1 [Training] Throughput (samples/second): 86.3048
[OUTPUT] 2025-11-30T18:39:09.185880 Epoch 2 - Block 1 [Training] Computation time per step (second): 0.3233+/-0.0000 (set value: {'mean': 0.323})
[OUTPUT] 2025-11-30T18:39:09.186531 Ending epoch 2 - 3 steps completed in 7.80 s
[OUTPUT] 2025-11-30T18:39:09.187266 Starting eval - 0 steps expected
[OUTPUT] 2025-11-30T18:39:09.190529 Ending eval - 0 steps completed in 0.00 s
[OUTPUT] 2025-11-30T18:39:09.191279 Epoch 2 [Eval] Accelerator Utilization [AU] (%): 0.0000
[OUTPUT] 2025-11-30T18:39:09.191333 Epoch 2 [Eval] Throughput (samples/second): 0.0000
[OUTPUT] 2025-11-30T18:39:09.191760 Starting epoch 3: 3 steps expected
[OUTPUT] 2025-11-30T18:39:09.192026 Starting block 1
[OUTPUT] 2025-11-30T18:39:16.960460 Ending block 1 - 3 steps completed in 7.77 s
[OUTPUT] 2025-11-30T18:39:16.961774 Epoch 3 - Block 1 [Training] Accelerator Utilization [AU] (%): 99.6642
[OUTPUT] 2025-11-30T18:39:16.961848 Epoch 3 - Block 1 [Training] Throughput (samples/second): 86.3075
[OUTPUT] 2025-11-30T18:39:16.961896 Epoch 3 - Block 1 [Training] Computation time per step (second): 0.3233+/-0.0000 (set value: {'mean': 0.323})
[OUTPUT] 2025-11-30T18:39:16.962434 Ending epoch 3 - 3 steps completed in 7.77 s
[OUTPUT] 2025-11-30T18:39:16.963111 Starting eval - 0 steps expected
[OUTPUT] 2025-11-30T18:39:16.964492 Ending eval - 0 steps completed in 0.00 s
[OUTPUT] 2025-11-30T18:39:16.965204 Epoch 3 [Eval] Accelerator Utilization [AU] (%): 0.0000
[OUTPUT] 2025-11-30T18:39:16.965259 Epoch 3 [Eval] Throughput (samples/second): 0.0000
[OUTPUT] 2025-11-30T18:39:16.965677 Starting epoch 4: 3 steps expected
[OUTPUT] 2025-11-30T18:39:16.965930 Starting block 1
[OUTPUT] 2025-11-30T18:39:24.736595 Ending block 1 - 3 steps completed in 7.77 s
[OUTPUT] 2025-11-30T18:39:24.737941 Epoch 4 - Block 1 [Training] Accelerator Utilization [AU] (%): 99.6510
[OUTPUT] 2025-11-30T18:39:24.738008 Epoch 4 - Block 1 [Training] Throughput (samples/second): 86.2966
[OUTPUT] 2025-11-30T18:39:24.738055 Epoch 4 - Block 1 [Training] Computation time per step (second): 0.3233+/-0.0000 (set value: {'mean': 0.323})
[OUTPUT] 2025-11-30T18:39:24.738584 Ending epoch 4 - 3 steps completed in 7.77 s
[OUTPUT] 2025-11-30T18:39:24.739260 Starting eval - 0 steps expected
[OUTPUT] 2025-11-30T18:39:24.740567 Ending eval - 0 steps completed in 0.00 s
[OUTPUT] 2025-11-30T18:39:24.741271 Epoch 4 [Eval] Accelerator Utilization [AU] (%): 0.0000
[OUTPUT] 2025-11-30T18:39:24.741325 Epoch 4 [Eval] Throughput (samples/second): 0.0000
[OUTPUT] 2025-11-30T18:39:24.741739 Starting epoch 5: 3 steps expected
[OUTPUT] 2025-11-30T18:39:24.741986 Starting block 1
[OUTPUT] 2025-11-30T18:39:32.515403 Ending block 1 - 3 steps completed in 7.77 s
[OUTPUT] 2025-11-30T18:39:32.516681 Epoch 5 - Block 1 [Training] Accelerator Utilization [AU] (%): 99.6635
[OUTPUT] 2025-11-30T18:39:32.516742 Epoch 5 - Block 1 [Training] Throughput (samples/second): 86.3069
[OUTPUT] 2025-11-30T18:39:32.516786 Epoch 5 - Block 1 [Training] Computation time per step (second): 0.3233+/-0.0000 (set value: {'mean': 0.323})
[OUTPUT] 2025-11-30T18:39:32.517054 Starting saving checkpoint 1 after total step 3 for epoch 5
[OUTPUT] 2025-11-30T18:39:32.523787 Finished saving checkpoint 1 for epoch 5 in 0.0067 s; Throughput: 0.0014 GB/s
[OUTPUT] 2025-11-30T18:39:32.524804 Ending epoch 5 - 3 steps completed in 7.78 s
[OUTPUT] 2025-11-30T18:39:32.525471 Starting eval - 0 steps expected
[OUTPUT] 2025-11-30T18:39:32.526774 Ending eval - 0 steps completed in 0.00 s
[OUTPUT] 2025-11-30T18:39:32.527493 Epoch 5 [Eval] Accelerator Utilization [AU] (%): 0.0000
[OUTPUT] 2025-11-30T18:39:32.527550 Epoch 5 [Eval] Throughput (samples/second): 0.0000
[OUTPUT] 2025-11-30T18:39:32.528670 Saved outputs in /scratch/mhm/pablo.hugen2/perf_2025/dlio_data_146062/hydra_log/unet3d_h100_custom/2025-11-30-18-38-49
[OUTPUT] Averaged metric over all steps/epochs
[METRIC] ==========================================================
[METRIC] Number of Simulated Accelerators: 4 
[METRIC] Training Accelerator Utilization [AU] (%): 62.2643 (0.1880)
[METRIC] Training Throughput (samples/second): 53.9198 (0.1629)
[METRIC] Training I/O Throughput (MB/second): 7538.4882 (22.7738)
[METRIC] train_au_meet_expectation: fail
[METRIC] Eval Accelerator Utilization [AU] (%): 0.0000 (0.0000)
[METRIC] Eval Throughput (samples/second): 0.000000 (0.000000)
[METRIC] Eval Throughput (MB/second): 0.000000 (0.000000)
[METRIC] eval_au_meet_expectation: fail
[METRIC] ==========================================================

[OUTPUT] 2025-11-30T18:39:32.533240 outputs saved in RANKID_output.json
